[33mWARNING[0m:  [25-10-2025 20:33:02] chroma_server_nofile is set to 65535, but this is less than current soft limit of 1048575. chroma_server_nofile will not be set.
[32mINFO[0m:     [25-10-2025 20:33:02] Anonymized telemetry enabled. See                     https://docs.trychroma.com/telemetry for more information.
[36mDEBUG[0m:    [25-10-2025 20:33:02] Starting component System
[36mDEBUG[0m:    [25-10-2025 20:33:02] Starting component OpenTelemetryClient
[36mDEBUG[0m:    [25-10-2025 20:33:02] Starting component SqliteDB
[36mDEBUG[0m:    [25-10-2025 20:33:02] Starting component SimpleQuotaEnforcer
[36mDEBUG[0m:    [25-10-2025 20:33:02] Starting component Posthog
[36mDEBUG[0m:    [25-10-2025 20:33:02] Starting component SimpleRateLimitEnforcer
[36mDEBUG[0m:    [25-10-2025 20:33:02] Starting component LocalSegmentManager
[36mDEBUG[0m:    [25-10-2025 20:33:02] Starting component LocalExecutor
[36mDEBUG[0m:    [25-10-2025 20:33:02] Starting component SegmentAPI
[32mINFO[0m:     [25-10-2025 20:33:02] Started server process [[36m51726[0m]
[32mINFO[0m:     [25-10-2025 20:33:02] Waiting for application startup.
[32mINFO[0m:     [25-10-2025 20:33:02] Application startup complete.
[32mINFO[0m:     [25-10-2025 20:33:02] Uvicorn running on [1mhttp://localhost:8000[0m (Press CTRL+C to quit)
[33mWARNING[0m:  [25-10-2025 20:49:45] chroma_server_nofile is set to 65535, but this is less than current soft limit of 1048575. chroma_server_nofile will not be set.
[32mINFO[0m:     [25-10-2025 20:49:45] Anonymized telemetry enabled. See                     https://docs.trychroma.com/telemetry for more information.
[36mDEBUG[0m:    [25-10-2025 20:49:45] Starting component System
[36mDEBUG[0m:    [25-10-2025 20:49:45] Starting component OpenTelemetryClient
[36mDEBUG[0m:    [25-10-2025 20:49:45] Starting component SqliteDB
[36mDEBUG[0m:    [25-10-2025 20:49:45] Starting component SimpleQuotaEnforcer
[36mDEBUG[0m:    [25-10-2025 20:49:45] Starting component Posthog
[36mDEBUG[0m:    [25-10-2025 20:49:45] Starting component SimpleRateLimitEnforcer
[36mDEBUG[0m:    [25-10-2025 20:49:45] Starting component LocalSegmentManager
[36mDEBUG[0m:    [25-10-2025 20:49:45] Starting component LocalExecutor
[36mDEBUG[0m:    [25-10-2025 20:49:45] Starting component SegmentAPI
[32mINFO[0m:     [25-10-2025 20:49:45] Started server process [[36m58499[0m]
[32mINFO[0m:     [25-10-2025 20:49:45] Waiting for application startup.
[32mINFO[0m:     [25-10-2025 20:49:45] Application startup complete.
[32mINFO[0m:     [25-10-2025 20:49:45] Uvicorn running on [1mhttp://localhost:8000[0m (Press CTRL+C to quit)
[32mINFO[0m:     [25-10-2025 20:49:57] ::1:65500 - "GET / HTTP/1.1" 404
[32mINFO[0m:     [25-10-2025 20:49:57] ::1:65500 - "GET /favicon.ico HTTP/1.1" 404
WARNING:  [25-10-2025 20:53:27] chroma_server_nofile is set to 65535, but this is less than current soft limit of 1048575. chroma_server_nofile will not be set.
INFO:     [25-10-2025 20:53:27] Anonymized telemetry enabled. See                     https://docs.trychroma.com/telemetry for more information.
DEBUG:    [25-10-2025 20:53:27] Starting component System
DEBUG:    [25-10-2025 20:53:27] Starting component OpenTelemetryClient
DEBUG:    [25-10-2025 20:53:27] Starting component SqliteDB
DEBUG:    [25-10-2025 20:53:27] Starting component SimpleQuotaEnforcer
DEBUG:    [25-10-2025 20:53:27] Starting component Posthog
DEBUG:    [25-10-2025 20:53:27] Starting component SimpleRateLimitEnforcer
DEBUG:    [25-10-2025 20:53:27] Starting component LocalSegmentManager
DEBUG:    [25-10-2025 20:53:27] Starting component LocalExecutor
DEBUG:    [25-10-2025 20:53:27] Starting component SegmentAPI
INFO:     [25-10-2025 20:53:27] Started server process [60110]
INFO:     [25-10-2025 20:53:27] Waiting for application startup.
INFO:     [25-10-2025 20:53:27] Application startup complete.
INFO:     [25-10-2025 20:53:27] Uvicorn running on http://localhost:8000 (Press CTRL+C to quit)
[33mWARNING[0m:  [25-10-2025 20:55:56] chroma_server_nofile is set to 65535, but this is less than current soft limit of 1048575. chroma_server_nofile will not be set.
[32mINFO[0m:     [25-10-2025 20:55:56] Anonymized telemetry enabled. See                     https://docs.trychroma.com/telemetry for more information.
[36mDEBUG[0m:    [25-10-2025 20:55:56] Starting component System
[36mDEBUG[0m:    [25-10-2025 20:55:56] Starting component OpenTelemetryClient
[36mDEBUG[0m:    [25-10-2025 20:55:56] Starting component SqliteDB
[36mDEBUG[0m:    [25-10-2025 20:55:56] Starting component SimpleQuotaEnforcer
[36mDEBUG[0m:    [25-10-2025 20:55:56] Starting component Posthog
[36mDEBUG[0m:    [25-10-2025 20:55:56] Starting component SimpleRateLimitEnforcer
[36mDEBUG[0m:    [25-10-2025 20:55:56] Starting component LocalSegmentManager
[36mDEBUG[0m:    [25-10-2025 20:55:56] Starting component LocalExecutor
[36mDEBUG[0m:    [25-10-2025 20:55:56] Starting component SegmentAPI
[32mINFO[0m:     [25-10-2025 20:55:56] Started server process [[36m61336[0m]
[32mINFO[0m:     [25-10-2025 20:55:56] Waiting for application startup.
[32mINFO[0m:     [25-10-2025 20:55:56] Application startup complete.
[31mERROR[0m:    [25-10-2025 20:55:56] [Errno 48] error while attempting to bind on address ('::1', 8000, 0, 0): address already in use
[32mINFO[0m:     [25-10-2025 20:55:56] Waiting for application shutdown.
[36mDEBUG[0m:    [25-10-2025 20:55:56] Stopping component System
[36mDEBUG[0m:    [25-10-2025 20:55:56] Stopping component SegmentAPI
[36mDEBUG[0m:    [25-10-2025 20:55:56] Stopping component LocalExecutor
[36mDEBUG[0m:    [25-10-2025 20:55:56] Stopping component LocalSegmentManager
[36mDEBUG[0m:    [25-10-2025 20:55:56] Stopping component SimpleRateLimitEnforcer
[36mDEBUG[0m:    [25-10-2025 20:55:56] Stopping component Posthog
[36mDEBUG[0m:    [25-10-2025 20:55:56] Stopping component SimpleQuotaEnforcer
[36mDEBUG[0m:    [25-10-2025 20:55:56] Stopping component SqliteDB
[36mDEBUG[0m:    [25-10-2025 20:55:56] Stopping component OpenTelemetryClient
[32mINFO[0m:     [25-10-2025 20:55:56] Application shutdown complete.
INFO:     [25-10-2025 20:56:39] ::1:49431 - "GET /api/v1/heartbeat HTTP/1.1" 200
INFO:     [25-10-2025 20:57:27] ::1:49466 - "GET /api/v1/heartbeat HTTP/1.1" 200
INFO:     [25-10-2025 20:58:52] ::1:49501 - "GET /api/v2/tenants/default_tenant/databases/default_database/collections/game-theory-knowledge HTTP/1.1" 400
ERROR:    [25-10-2025 21:03:04] '_type'
Traceback (most recent call last):
  File "/Library/Frameworks/Python.framework/Versions/3.12/lib/python3.12/site-packages/anyio/streams/memory.py", line 111, in receive
    return self.receive_nowait()
           ^^^^^^^^^^^^^^^^^^^^^
  File "/Library/Frameworks/Python.framework/Versions/3.12/lib/python3.12/site-packages/anyio/streams/memory.py", line 106, in receive_nowait
    raise WouldBlock
anyio.WouldBlock

During handling of the above exception, another exception occurred:

Traceback (most recent call last):
  File "/Library/Frameworks/Python.framework/Versions/3.12/lib/python3.12/site-packages/anyio/streams/memory.py", line 124, in receive
    return receiver.item
           ^^^^^^^^^^^^^
AttributeError: 'MemoryObjectItemReceiver' object has no attribute 'item'

During handling of the above exception, another exception occurred:

Traceback (most recent call last):
  File "/Library/Frameworks/Python.framework/Versions/3.12/lib/python3.12/site-packages/starlette/middleware/base.py", line 157, in call_next
    message = await recv_stream.receive()
              ^^^^^^^^^^^^^^^^^^^^^^^^^^^
  File "/Library/Frameworks/Python.framework/Versions/3.12/lib/python3.12/site-packages/anyio/streams/memory.py", line 126, in receive
    raise EndOfStream
anyio.EndOfStream

During handling of the above exception, another exception occurred:

Traceback (most recent call last):
  File "/Library/Frameworks/Python.framework/Versions/3.12/lib/python3.12/site-packages/chromadb/server/fastapi/__init__.py", line 107, in catch_exceptions_middleware
    return await call_next(request)
           ^^^^^^^^^^^^^^^^^^^^^^^^
  File "/Library/Frameworks/Python.framework/Versions/3.12/lib/python3.12/site-packages/starlette/middleware/base.py", line 163, in call_next
    raise app_exc
  File "/Library/Frameworks/Python.framework/Versions/3.12/lib/python3.12/site-packages/starlette/middleware/base.py", line 149, in coro
    await self.app(scope, receive_or_disconnect, send_no_error)
  File "/Library/Frameworks/Python.framework/Versions/3.12/lib/python3.12/site-packages/starlette/middleware/base.py", line 185, in __call__
    with collapse_excgroups():
         ^^^^^^^^^^^^^^^^^^^^
  File "/Library/Frameworks/Python.framework/Versions/3.12/lib/python3.12/contextlib.py", line 158, in __exit__
    self.gen.throw(value)
  File "/Library/Frameworks/Python.framework/Versions/3.12/lib/python3.12/site-packages/starlette/_utils.py", line 82, in collapse_excgroups
    raise exc
  File "/Library/Frameworks/Python.framework/Versions/3.12/lib/python3.12/site-packages/starlette/middleware/base.py", line 187, in __call__
    response = await self.dispatch_func(request, call_next)
               ^^^^^^^^^^^^^^^^^^^^^^^^^^^^^^^^^^^^^^^^^^^^
  File "/Library/Frameworks/Python.framework/Versions/3.12/lib/python3.12/site-packages/chromadb/server/fastapi/__init__.py", line 131, in check_http_version_middleware
    return await call_next(request)
           ^^^^^^^^^^^^^^^^^^^^^^^^
  File "/Library/Frameworks/Python.framework/Versions/3.12/lib/python3.12/site-packages/starlette/middleware/base.py", line 163, in call_next
    raise app_exc
  File "/Library/Frameworks/Python.framework/Versions/3.12/lib/python3.12/site-packages/starlette/middleware/base.py", line 149, in coro
    await self.app(scope, receive_or_disconnect, send_no_error)
  File "/Library/Frameworks/Python.framework/Versions/3.12/lib/python3.12/site-packages/starlette/middleware/exceptions.py", line 62, in __call__
    await wrap_app_handling_exceptions(self.app, conn)(scope, receive, send)
  File "/Library/Frameworks/Python.framework/Versions/3.12/lib/python3.12/site-packages/starlette/_exception_handler.py", line 53, in wrapped_app
    raise exc
  File "/Library/Frameworks/Python.framework/Versions/3.12/lib/python3.12/site-packages/starlette/_exception_handler.py", line 42, in wrapped_app
    await app(scope, receive, sender)
  File "/Library/Frameworks/Python.framework/Versions/3.12/lib/python3.12/site-packages/starlette/routing.py", line 715, in __call__
    await self.middleware_stack(scope, receive, send)
  File "/Library/Frameworks/Python.framework/Versions/3.12/lib/python3.12/site-packages/starlette/routing.py", line 735, in app
    await route.handle(scope, receive, send)
  File "/Library/Frameworks/Python.framework/Versions/3.12/lib/python3.12/site-packages/starlette/routing.py", line 288, in handle
    await self.app(scope, receive, send)
  File "/Library/Frameworks/Python.framework/Versions/3.12/lib/python3.12/site-packages/starlette/routing.py", line 76, in app
    await wrap_app_handling_exceptions(app, request)(scope, receive, send)
  File "/Library/Frameworks/Python.framework/Versions/3.12/lib/python3.12/site-packages/starlette/_exception_handler.py", line 53, in wrapped_app
    raise exc
  File "/Library/Frameworks/Python.framework/Versions/3.12/lib/python3.12/site-packages/starlette/_exception_handler.py", line 42, in wrapped_app
    await app(scope, receive, sender)
  File "/Library/Frameworks/Python.framework/Versions/3.12/lib/python3.12/site-packages/starlette/routing.py", line 73, in app
    response = await f(request)
               ^^^^^^^^^^^^^^^^
  File "/Library/Frameworks/Python.framework/Versions/3.12/lib/python3.12/site-packages/fastapi/routing.py", line 301, in app
    raw_response = await run_endpoint_function(
                   ^^^^^^^^^^^^^^^^^^^^^^^^^^^^
  File "/Library/Frameworks/Python.framework/Versions/3.12/lib/python3.12/site-packages/fastapi/routing.py", line 212, in run_endpoint_function
    return await dependant.call(**values)
           ^^^^^^^^^^^^^^^^^^^^^^^^^^^^^^
  File "/Library/Frameworks/Python.framework/Versions/3.12/lib/python3.12/site-packages/chromadb/telemetry/opentelemetry/__init__.py", line 134, in async_wrapper
    return await f(*args, **kwargs)
           ^^^^^^^^^^^^^^^^^^^^^^^^
  File "/Library/Frameworks/Python.framework/Versions/3.12/lib/python3.12/site-packages/chromadb/server/fastapi/__init__.py", line 663, in create_collection
    await to_thread.run_sync(
  File "/Library/Frameworks/Python.framework/Versions/3.12/lib/python3.12/site-packages/anyio/to_thread.py", line 56, in run_sync
    return await get_async_backend().run_sync_in_worker_thread(
           ^^^^^^^^^^^^^^^^^^^^^^^^^^^^^^^^^^^^^^^^^^^^^^^^^^^^
  File "/Library/Frameworks/Python.framework/Versions/3.12/lib/python3.12/site-packages/anyio/_backends/_asyncio.py", line 2505, in run_sync_in_worker_thread
    return await future
           ^^^^^^^^^^^^
  File "/Library/Frameworks/Python.framework/Versions/3.12/lib/python3.12/site-packages/anyio/_backends/_asyncio.py", line 1005, in run
    result = context.run(func, *args)
             ^^^^^^^^^^^^^^^^^^^^^^^^
  File "/Library/Frameworks/Python.framework/Versions/3.12/lib/python3.12/site-packages/chromadb/server/fastapi/__init__.py", line 637, in process_create_collection
    else CollectionConfigurationInternal.from_json(create.configuration)
         ^^^^^^^^^^^^^^^^^^^^^^^^^^^^^^^^^^^^^^^^^^^^^^^^^^^^^^^^^^^^^^^
  File "/Library/Frameworks/Python.framework/Versions/3.12/lib/python3.12/site-packages/chromadb/api/configuration.py", line 209, in from_json
    f"Trying to instantiate configuration of type {cls.__name__} from JSON with type {json_map['_type']}"
                                                                                      ~~~~~~~~^^^^^^^^^
KeyError: '_type'
INFO:     [25-10-2025 21:03:04] ::1:49587 - "POST /api/v2/tenants/default_tenant/databases/default_database/collections HTTP/1.1" 500
INFO:     [25-10-2025 21:03:06] ::1:49591 - "GET /api/v1/heartbeat HTTP/1.1" 200
ERROR:    [25-10-2025 21:03:14] '_type'
Traceback (most recent call last):
  File "/Library/Frameworks/Python.framework/Versions/3.12/lib/python3.12/site-packages/anyio/streams/memory.py", line 111, in receive
    return self.receive_nowait()
           ^^^^^^^^^^^^^^^^^^^^^
  File "/Library/Frameworks/Python.framework/Versions/3.12/lib/python3.12/site-packages/anyio/streams/memory.py", line 106, in receive_nowait
    raise WouldBlock
anyio.WouldBlock

During handling of the above exception, another exception occurred:

Traceback (most recent call last):
  File "/Library/Frameworks/Python.framework/Versions/3.12/lib/python3.12/site-packages/anyio/streams/memory.py", line 124, in receive
    return receiver.item
           ^^^^^^^^^^^^^
AttributeError: 'MemoryObjectItemReceiver' object has no attribute 'item'

During handling of the above exception, another exception occurred:

Traceback (most recent call last):
  File "/Library/Frameworks/Python.framework/Versions/3.12/lib/python3.12/site-packages/starlette/middleware/base.py", line 157, in call_next
    message = await recv_stream.receive()
              ^^^^^^^^^^^^^^^^^^^^^^^^^^^
  File "/Library/Frameworks/Python.framework/Versions/3.12/lib/python3.12/site-packages/anyio/streams/memory.py", line 126, in receive
    raise EndOfStream
anyio.EndOfStream

During handling of the above exception, another exception occurred:

Traceback (most recent call last):
  File "/Library/Frameworks/Python.framework/Versions/3.12/lib/python3.12/site-packages/chromadb/server/fastapi/__init__.py", line 107, in catch_exceptions_middleware
    return await call_next(request)
           ^^^^^^^^^^^^^^^^^^^^^^^^
  File "/Library/Frameworks/Python.framework/Versions/3.12/lib/python3.12/site-packages/starlette/middleware/base.py", line 163, in call_next
    raise app_exc
  File "/Library/Frameworks/Python.framework/Versions/3.12/lib/python3.12/site-packages/starlette/middleware/base.py", line 149, in coro
    await self.app(scope, receive_or_disconnect, send_no_error)
  File "/Library/Frameworks/Python.framework/Versions/3.12/lib/python3.12/site-packages/starlette/middleware/base.py", line 185, in __call__
    with collapse_excgroups():
         ^^^^^^^^^^^^^^^^^^^^
  File "/Library/Frameworks/Python.framework/Versions/3.12/lib/python3.12/contextlib.py", line 158, in __exit__
    self.gen.throw(value)
  File "/Library/Frameworks/Python.framework/Versions/3.12/lib/python3.12/site-packages/starlette/_utils.py", line 82, in collapse_excgroups
    raise exc
  File "/Library/Frameworks/Python.framework/Versions/3.12/lib/python3.12/site-packages/starlette/middleware/base.py", line 187, in __call__
    response = await self.dispatch_func(request, call_next)
               ^^^^^^^^^^^^^^^^^^^^^^^^^^^^^^^^^^^^^^^^^^^^
  File "/Library/Frameworks/Python.framework/Versions/3.12/lib/python3.12/site-packages/chromadb/server/fastapi/__init__.py", line 131, in check_http_version_middleware
    return await call_next(request)
           ^^^^^^^^^^^^^^^^^^^^^^^^
  File "/Library/Frameworks/Python.framework/Versions/3.12/lib/python3.12/site-packages/starlette/middleware/base.py", line 163, in call_next
    raise app_exc
  File "/Library/Frameworks/Python.framework/Versions/3.12/lib/python3.12/site-packages/starlette/middleware/base.py", line 149, in coro
    await self.app(scope, receive_or_disconnect, send_no_error)
  File "/Library/Frameworks/Python.framework/Versions/3.12/lib/python3.12/site-packages/starlette/middleware/exceptions.py", line 62, in __call__
    await wrap_app_handling_exceptions(self.app, conn)(scope, receive, send)
  File "/Library/Frameworks/Python.framework/Versions/3.12/lib/python3.12/site-packages/starlette/_exception_handler.py", line 53, in wrapped_app
    raise exc
  File "/Library/Frameworks/Python.framework/Versions/3.12/lib/python3.12/site-packages/starlette/_exception_handler.py", line 42, in wrapped_app
    await app(scope, receive, sender)
  File "/Library/Frameworks/Python.framework/Versions/3.12/lib/python3.12/site-packages/starlette/routing.py", line 715, in __call__
    await self.middleware_stack(scope, receive, send)
  File "/Library/Frameworks/Python.framework/Versions/3.12/lib/python3.12/site-packages/starlette/routing.py", line 735, in app
    await route.handle(scope, receive, send)
  File "/Library/Frameworks/Python.framework/Versions/3.12/lib/python3.12/site-packages/starlette/routing.py", line 288, in handle
    await self.app(scope, receive, send)
  File "/Library/Frameworks/Python.framework/Versions/3.12/lib/python3.12/site-packages/starlette/routing.py", line 76, in app
    await wrap_app_handling_exceptions(app, request)(scope, receive, send)
  File "/Library/Frameworks/Python.framework/Versions/3.12/lib/python3.12/site-packages/starlette/_exception_handler.py", line 53, in wrapped_app
    raise exc
  File "/Library/Frameworks/Python.framework/Versions/3.12/lib/python3.12/site-packages/starlette/_exception_handler.py", line 42, in wrapped_app
    await app(scope, receive, sender)
  File "/Library/Frameworks/Python.framework/Versions/3.12/lib/python3.12/site-packages/starlette/routing.py", line 73, in app
    response = await f(request)
               ^^^^^^^^^^^^^^^^
  File "/Library/Frameworks/Python.framework/Versions/3.12/lib/python3.12/site-packages/fastapi/routing.py", line 301, in app
    raw_response = await run_endpoint_function(
                   ^^^^^^^^^^^^^^^^^^^^^^^^^^^^
  File "/Library/Frameworks/Python.framework/Versions/3.12/lib/python3.12/site-packages/fastapi/routing.py", line 212, in run_endpoint_function
    return await dependant.call(**values)
           ^^^^^^^^^^^^^^^^^^^^^^^^^^^^^^
  File "/Library/Frameworks/Python.framework/Versions/3.12/lib/python3.12/site-packages/chromadb/telemetry/opentelemetry/__init__.py", line 134, in async_wrapper
    return await f(*args, **kwargs)
           ^^^^^^^^^^^^^^^^^^^^^^^^
  File "/Library/Frameworks/Python.framework/Versions/3.12/lib/python3.12/site-packages/chromadb/server/fastapi/__init__.py", line 663, in create_collection
    await to_thread.run_sync(
  File "/Library/Frameworks/Python.framework/Versions/3.12/lib/python3.12/site-packages/anyio/to_thread.py", line 56, in run_sync
    return await get_async_backend().run_sync_in_worker_thread(
           ^^^^^^^^^^^^^^^^^^^^^^^^^^^^^^^^^^^^^^^^^^^^^^^^^^^^
  File "/Library/Frameworks/Python.framework/Versions/3.12/lib/python3.12/site-packages/anyio/_backends/_asyncio.py", line 2505, in run_sync_in_worker_thread
    return await future
           ^^^^^^^^^^^^
  File "/Library/Frameworks/Python.framework/Versions/3.12/lib/python3.12/site-packages/anyio/_backends/_asyncio.py", line 1005, in run
    result = context.run(func, *args)
             ^^^^^^^^^^^^^^^^^^^^^^^^
  File "/Library/Frameworks/Python.framework/Versions/3.12/lib/python3.12/site-packages/chromadb/server/fastapi/__init__.py", line 637, in process_create_collection
    else CollectionConfigurationInternal.from_json(create.configuration)
         ^^^^^^^^^^^^^^^^^^^^^^^^^^^^^^^^^^^^^^^^^^^^^^^^^^^^^^^^^^^^^^^
  File "/Library/Frameworks/Python.framework/Versions/3.12/lib/python3.12/site-packages/chromadb/api/configuration.py", line 209, in from_json
    f"Trying to instantiate configuration of type {cls.__name__} from JSON with type {json_map['_type']}"
                                                                                      ~~~~~~~~^^^^^^^^^
KeyError: '_type'
INFO:     [25-10-2025 21:03:14] ::1:49596 - "POST /api/v2/tenants/default_tenant/databases/default_database/collections HTTP/1.1" 500
INFO:     [25-10-2025 21:03:18] Shutting down
INFO:     [25-10-2025 21:03:18] Waiting for application shutdown.
DEBUG:    [25-10-2025 21:03:18] Stopping component System
DEBUG:    [25-10-2025 21:03:18] Stopping component SegmentAPI
DEBUG:    [25-10-2025 21:03:18] Stopping component LocalExecutor
DEBUG:    [25-10-2025 21:03:18] Stopping component LocalSegmentManager
DEBUG:    [25-10-2025 21:03:18] Stopping component SimpleRateLimitEnforcer
DEBUG:    [25-10-2025 21:03:18] Stopping component Posthog
DEBUG:    [25-10-2025 21:03:18] Stopping component SimpleQuotaEnforcer
DEBUG:    [25-10-2025 21:03:18] Stopping component SqliteDB
DEBUG:    [25-10-2025 21:03:18] Stopping component OpenTelemetryClient
INFO:     [25-10-2025 21:03:18] Application shutdown complete.
INFO:     [25-10-2025 21:03:18] Finished server process [60110]
WARNING:  [25-10-2025 21:03:20] chroma_server_nofile is set to 65535, but this is less than current soft limit of 1048575. chroma_server_nofile will not be set.
INFO:     [25-10-2025 21:03:21] Anonymized telemetry enabled. See                     https://docs.trychroma.com/telemetry for more information.
DEBUG:    [25-10-2025 21:03:21] Starting component System
DEBUG:    [25-10-2025 21:03:21] Starting component OpenTelemetryClient
DEBUG:    [25-10-2025 21:03:21] Starting component SqliteDB
DEBUG:    [25-10-2025 21:03:21] Starting component SimpleQuotaEnforcer
DEBUG:    [25-10-2025 21:03:21] Starting component Posthog
DEBUG:    [25-10-2025 21:03:21] Starting component SimpleRateLimitEnforcer
DEBUG:    [25-10-2025 21:03:21] Starting component LocalSegmentManager
DEBUG:    [25-10-2025 21:03:21] Starting component LocalExecutor
DEBUG:    [25-10-2025 21:03:21] Starting component SegmentAPI
INFO:     [25-10-2025 21:03:21] Started server process [64628]
INFO:     [25-10-2025 21:03:21] Waiting for application startup.
INFO:     [25-10-2025 21:03:21] Application startup complete.
INFO:     [25-10-2025 21:03:21] Uvicorn running on http://localhost:8000 (Press CTRL+C to quit)
INFO:     [25-10-2025 21:03:26] ::1:49608 - "GET /api/v1/heartbeat HTTP/1.1" 200
ERROR:    [25-10-2025 21:03:30] '_type'
Traceback (most recent call last):
  File "/Library/Frameworks/Python.framework/Versions/3.12/lib/python3.12/site-packages/anyio/streams/memory.py", line 111, in receive
    return self.receive_nowait()
           ^^^^^^^^^^^^^^^^^^^^^
  File "/Library/Frameworks/Python.framework/Versions/3.12/lib/python3.12/site-packages/anyio/streams/memory.py", line 106, in receive_nowait
    raise WouldBlock
anyio.WouldBlock

During handling of the above exception, another exception occurred:

Traceback (most recent call last):
  File "/Library/Frameworks/Python.framework/Versions/3.12/lib/python3.12/site-packages/anyio/streams/memory.py", line 124, in receive
    return receiver.item
           ^^^^^^^^^^^^^
AttributeError: 'MemoryObjectItemReceiver' object has no attribute 'item'

During handling of the above exception, another exception occurred:

Traceback (most recent call last):
  File "/Library/Frameworks/Python.framework/Versions/3.12/lib/python3.12/site-packages/starlette/middleware/base.py", line 157, in call_next
    message = await recv_stream.receive()
              ^^^^^^^^^^^^^^^^^^^^^^^^^^^
  File "/Library/Frameworks/Python.framework/Versions/3.12/lib/python3.12/site-packages/anyio/streams/memory.py", line 126, in receive
    raise EndOfStream
anyio.EndOfStream

During handling of the above exception, another exception occurred:

Traceback (most recent call last):
  File "/Library/Frameworks/Python.framework/Versions/3.12/lib/python3.12/site-packages/chromadb/server/fastapi/__init__.py", line 107, in catch_exceptions_middleware
    return await call_next(request)
           ^^^^^^^^^^^^^^^^^^^^^^^^
  File "/Library/Frameworks/Python.framework/Versions/3.12/lib/python3.12/site-packages/starlette/middleware/base.py", line 163, in call_next
    raise app_exc
  File "/Library/Frameworks/Python.framework/Versions/3.12/lib/python3.12/site-packages/starlette/middleware/base.py", line 149, in coro
    await self.app(scope, receive_or_disconnect, send_no_error)
  File "/Library/Frameworks/Python.framework/Versions/3.12/lib/python3.12/site-packages/starlette/middleware/base.py", line 185, in __call__
    with collapse_excgroups():
         ^^^^^^^^^^^^^^^^^^^^
  File "/Library/Frameworks/Python.framework/Versions/3.12/lib/python3.12/contextlib.py", line 158, in __exit__
    self.gen.throw(value)
  File "/Library/Frameworks/Python.framework/Versions/3.12/lib/python3.12/site-packages/starlette/_utils.py", line 82, in collapse_excgroups
    raise exc
  File "/Library/Frameworks/Python.framework/Versions/3.12/lib/python3.12/site-packages/starlette/middleware/base.py", line 187, in __call__
    response = await self.dispatch_func(request, call_next)
               ^^^^^^^^^^^^^^^^^^^^^^^^^^^^^^^^^^^^^^^^^^^^
  File "/Library/Frameworks/Python.framework/Versions/3.12/lib/python3.12/site-packages/chromadb/server/fastapi/__init__.py", line 131, in check_http_version_middleware
    return await call_next(request)
           ^^^^^^^^^^^^^^^^^^^^^^^^
  File "/Library/Frameworks/Python.framework/Versions/3.12/lib/python3.12/site-packages/starlette/middleware/base.py", line 163, in call_next
    raise app_exc
  File "/Library/Frameworks/Python.framework/Versions/3.12/lib/python3.12/site-packages/starlette/middleware/base.py", line 149, in coro
    await self.app(scope, receive_or_disconnect, send_no_error)
  File "/Library/Frameworks/Python.framework/Versions/3.12/lib/python3.12/site-packages/starlette/middleware/exceptions.py", line 62, in __call__
    await wrap_app_handling_exceptions(self.app, conn)(scope, receive, send)
  File "/Library/Frameworks/Python.framework/Versions/3.12/lib/python3.12/site-packages/starlette/_exception_handler.py", line 53, in wrapped_app
    raise exc
  File "/Library/Frameworks/Python.framework/Versions/3.12/lib/python3.12/site-packages/starlette/_exception_handler.py", line 42, in wrapped_app
    await app(scope, receive, sender)
  File "/Library/Frameworks/Python.framework/Versions/3.12/lib/python3.12/site-packages/starlette/routing.py", line 715, in __call__
    await self.middleware_stack(scope, receive, send)
  File "/Library/Frameworks/Python.framework/Versions/3.12/lib/python3.12/site-packages/starlette/routing.py", line 735, in app
    await route.handle(scope, receive, send)
  File "/Library/Frameworks/Python.framework/Versions/3.12/lib/python3.12/site-packages/starlette/routing.py", line 288, in handle
    await self.app(scope, receive, send)
  File "/Library/Frameworks/Python.framework/Versions/3.12/lib/python3.12/site-packages/starlette/routing.py", line 76, in app
    await wrap_app_handling_exceptions(app, request)(scope, receive, send)
  File "/Library/Frameworks/Python.framework/Versions/3.12/lib/python3.12/site-packages/starlette/_exception_handler.py", line 53, in wrapped_app
    raise exc
  File "/Library/Frameworks/Python.framework/Versions/3.12/lib/python3.12/site-packages/starlette/_exception_handler.py", line 42, in wrapped_app
    await app(scope, receive, sender)
  File "/Library/Frameworks/Python.framework/Versions/3.12/lib/python3.12/site-packages/starlette/routing.py", line 73, in app
    response = await f(request)
               ^^^^^^^^^^^^^^^^
  File "/Library/Frameworks/Python.framework/Versions/3.12/lib/python3.12/site-packages/fastapi/routing.py", line 301, in app
    raw_response = await run_endpoint_function(
                   ^^^^^^^^^^^^^^^^^^^^^^^^^^^^
  File "/Library/Frameworks/Python.framework/Versions/3.12/lib/python3.12/site-packages/fastapi/routing.py", line 212, in run_endpoint_function
    return await dependant.call(**values)
           ^^^^^^^^^^^^^^^^^^^^^^^^^^^^^^
  File "/Library/Frameworks/Python.framework/Versions/3.12/lib/python3.12/site-packages/chromadb/telemetry/opentelemetry/__init__.py", line 134, in async_wrapper
    return await f(*args, **kwargs)
           ^^^^^^^^^^^^^^^^^^^^^^^^
  File "/Library/Frameworks/Python.framework/Versions/3.12/lib/python3.12/site-packages/chromadb/server/fastapi/__init__.py", line 663, in create_collection
    await to_thread.run_sync(
  File "/Library/Frameworks/Python.framework/Versions/3.12/lib/python3.12/site-packages/anyio/to_thread.py", line 56, in run_sync
    return await get_async_backend().run_sync_in_worker_thread(
           ^^^^^^^^^^^^^^^^^^^^^^^^^^^^^^^^^^^^^^^^^^^^^^^^^^^^
  File "/Library/Frameworks/Python.framework/Versions/3.12/lib/python3.12/site-packages/anyio/_backends/_asyncio.py", line 2505, in run_sync_in_worker_thread
    return await future
           ^^^^^^^^^^^^
  File "/Library/Frameworks/Python.framework/Versions/3.12/lib/python3.12/site-packages/anyio/_backends/_asyncio.py", line 1005, in run
    result = context.run(func, *args)
             ^^^^^^^^^^^^^^^^^^^^^^^^
  File "/Library/Frameworks/Python.framework/Versions/3.12/lib/python3.12/site-packages/chromadb/server/fastapi/__init__.py", line 637, in process_create_collection
    else CollectionConfigurationInternal.from_json(create.configuration)
         ^^^^^^^^^^^^^^^^^^^^^^^^^^^^^^^^^^^^^^^^^^^^^^^^^^^^^^^^^^^^^^^
  File "/Library/Frameworks/Python.framework/Versions/3.12/lib/python3.12/site-packages/chromadb/api/configuration.py", line 209, in from_json
    f"Trying to instantiate configuration of type {cls.__name__} from JSON with type {json_map['_type']}"
                                                                                      ~~~~~~~~^^^^^^^^^
KeyError: '_type'
INFO:     [25-10-2025 21:03:30] ::1:49612 - "POST /api/v2/tenants/default_tenant/databases/default_database/collections HTTP/1.1" 500
INFO:     [25-10-2025 21:03:32] ::1:49615 - "GET /api/v1/collections HTTP/1.1" 200
INFO:     [25-10-2025 21:03:42] ::1:49620 - "POST /api/v1/collections HTTP/1.1" 200
INFO:     [25-10-2025 21:03:45] ::1:49620 - "POST /api/v1/collections/game-theory-knowledge/add HTTP/1.1" 400
INFO:     [25-10-2025 21:03:48] ::1:49624 - "GET /api/v1/collections HTTP/1.1" 200
DEBUG:    [25-10-2025 21:04:01] Starting component PersistentLocalHnswSegment
INFO:     [25-10-2025 21:04:01] ::1:49638 - "POST /api/v1/collections/06fb865a-e11e-462a-a99e-68da8fe1544d/add HTTP/1.1" 201
[33mWARNING[0m:  [25-10-2025 21:06:28] chroma_server_nofile is set to 65535, but this is less than current soft limit of 1048575. chroma_server_nofile will not be set.
[32mINFO[0m:     [25-10-2025 21:06:28] Anonymized telemetry enabled. See                     https://docs.trychroma.com/telemetry for more information.
[36mDEBUG[0m:    [25-10-2025 21:06:28] Starting component System
[36mDEBUG[0m:    [25-10-2025 21:06:28] Starting component OpenTelemetryClient
[36mDEBUG[0m:    [25-10-2025 21:06:28] Starting component SqliteDB
[36mDEBUG[0m:    [25-10-2025 21:06:28] Starting component SimpleQuotaEnforcer
[36mDEBUG[0m:    [25-10-2025 21:06:28] Starting component Posthog
[36mDEBUG[0m:    [25-10-2025 21:06:28] Starting component SimpleRateLimitEnforcer
[36mDEBUG[0m:    [25-10-2025 21:06:28] Starting component LocalSegmentManager
[36mDEBUG[0m:    [25-10-2025 21:06:28] Starting component LocalExecutor
[36mDEBUG[0m:    [25-10-2025 21:06:28] Starting component SegmentAPI
[32mINFO[0m:     [25-10-2025 21:06:28] Started server process [[36m66112[0m]
[32mINFO[0m:     [25-10-2025 21:06:28] Waiting for application startup.
[32mINFO[0m:     [25-10-2025 21:06:28] Application startup complete.
[31mERROR[0m:    [25-10-2025 21:06:28] [Errno 48] error while attempting to bind on address ('::1', 8000, 0, 0): address already in use
[32mINFO[0m:     [25-10-2025 21:06:28] Waiting for application shutdown.
[36mDEBUG[0m:    [25-10-2025 21:06:28] Stopping component System
[36mDEBUG[0m:    [25-10-2025 21:06:28] Stopping component SegmentAPI
[36mDEBUG[0m:    [25-10-2025 21:06:28] Stopping component LocalExecutor
[36mDEBUG[0m:    [25-10-2025 21:06:28] Stopping component LocalSegmentManager
[36mDEBUG[0m:    [25-10-2025 21:06:28] Stopping component SimpleRateLimitEnforcer
[36mDEBUG[0m:    [25-10-2025 21:06:28] Stopping component Posthog
[36mDEBUG[0m:    [25-10-2025 21:06:28] Stopping component SimpleQuotaEnforcer
[36mDEBUG[0m:    [25-10-2025 21:06:28] Stopping component SqliteDB
[36mDEBUG[0m:    [25-10-2025 21:06:28] Stopping component OpenTelemetryClient
[32mINFO[0m:     [25-10-2025 21:06:28] Application shutdown complete.
INFO:     [25-10-2025 21:07:25] ::1:49775 - "GET /api/v2/tenants/default_tenant/databases/default_database/collections/06fb865a-e11e-462a-a99e-68da8fe1544d HTTP/1.1" 400
[33mWARNING[0m:  [25-10-2025 21:19:16] chroma_server_nofile is set to 65535, but this is less than current soft limit of 1048575. chroma_server_nofile will not be set.
[33mWARNING[0m:  [25-10-2025 21:20:23] chroma_server_nofile is set to 65535, but this is less than current soft limit of 1048575. chroma_server_nofile will not be set.
INFO:     [25-10-2025 21:21:29] Shutting down
INFO:     [25-10-2025 21:21:29] Waiting for application shutdown.
DEBUG:    [25-10-2025 21:21:29] Stopping component System
DEBUG:    [25-10-2025 21:21:29] Stopping component SegmentAPI
DEBUG:    [25-10-2025 21:21:29] Stopping component LocalExecutor
DEBUG:    [25-10-2025 21:21:29] Stopping component PersistentLocalHnswSegment
DEBUG:    [25-10-2025 21:21:29] Stopping component LocalSegmentManager
DEBUG:    [25-10-2025 21:21:29] Stopping component SimpleRateLimitEnforcer
DEBUG:    [25-10-2025 21:21:29] Stopping component Posthog
DEBUG:    [25-10-2025 21:21:29] Stopping component SimpleQuotaEnforcer
DEBUG:    [25-10-2025 21:21:29] Stopping component SqliteDB
DEBUG:    [25-10-2025 21:21:29] Stopping component OpenTelemetryClient
INFO:     [25-10-2025 21:21:29] Application shutdown complete.
INFO:     [25-10-2025 21:21:29] Finished server process [64628]
WARNING:  [25-10-2025 21:21:33] chroma_server_nofile is set to 65535, but this is less than current soft limit of 1048575. chroma_server_nofile will not be set.
INFO:     [25-10-2025 21:21:33] Anonymized telemetry enabled. See                     https://docs.trychroma.com/telemetry for more information.
DEBUG:    [25-10-2025 21:21:33] Starting component System
DEBUG:    [25-10-2025 21:21:33] Starting component OpenTelemetryClient
DEBUG:    [25-10-2025 21:21:33] Starting component SqliteDB
DEBUG:    [25-10-2025 21:21:33] Starting component SimpleQuotaEnforcer
DEBUG:    [25-10-2025 21:21:33] Starting component Posthog
DEBUG:    [25-10-2025 21:21:33] Starting component SimpleRateLimitEnforcer
DEBUG:    [25-10-2025 21:21:33] Starting component LocalSegmentManager
DEBUG:    [25-10-2025 21:21:33] Starting component LocalExecutor
DEBUG:    [25-10-2025 21:21:33] Starting component SegmentAPI
INFO:     [25-10-2025 21:21:33] Started server process [72766]
INFO:     [25-10-2025 21:21:33] Waiting for application startup.
INFO:     [25-10-2025 21:21:33] Application startup complete.
INFO:     [25-10-2025 21:21:33] Uvicorn running on http://localhost:8000 (Press CTRL+C to quit)
INFO:     [25-10-2025 21:21:38] ::1:50208 - "GET /api/v1/heartbeat HTTP/1.1" 200
INFO:     [25-10-2025 21:21:41] ::1:50211 - "GET /api/v1/collections HTTP/1.1" 200
[33mWARNING[0m:  [25-10-2025 21:22:33] chroma_server_nofile is set to 65535, but this is less than current soft limit of 1048575. chroma_server_nofile will not be set.
WARNING:  [25-10-2025 21:26:52] chroma_server_nofile is set to 65535, but this is less than current soft limit of 1048575. chroma_server_nofile will not be set.
INFO:     [25-10-2025 21:26:52] Anonymized telemetry enabled. See                     https://docs.trychroma.com/telemetry for more information.
DEBUG:    [25-10-2025 21:26:52] Starting component System
DEBUG:    [25-10-2025 21:26:52] Starting component OpenTelemetryClient
DEBUG:    [25-10-2025 21:26:52] Starting component SqliteDB
DEBUG:    [25-10-2025 21:26:52] Starting component SimpleQuotaEnforcer
DEBUG:    [25-10-2025 21:26:52] Starting component Posthog
DEBUG:    [25-10-2025 21:26:52] Starting component SimpleRateLimitEnforcer
DEBUG:    [25-10-2025 21:26:52] Starting component LocalSegmentManager
DEBUG:    [25-10-2025 21:26:52] Starting component LocalExecutor
DEBUG:    [25-10-2025 21:26:52] Starting component SegmentAPI
INFO:     [25-10-2025 21:26:52] Started server process [75115]
INFO:     [25-10-2025 21:26:52] Waiting for application startup.
INFO:     [25-10-2025 21:26:52] Application startup complete.
ERROR:    [25-10-2025 21:26:52] [Errno 48] error while attempting to bind on address ('::1', 8000, 0, 0): address already in use
INFO:     [25-10-2025 21:26:52] Waiting for application shutdown.
DEBUG:    [25-10-2025 21:26:52] Stopping component System
DEBUG:    [25-10-2025 21:26:52] Stopping component SegmentAPI
DEBUG:    [25-10-2025 21:26:52] Stopping component LocalExecutor
DEBUG:    [25-10-2025 21:26:52] Stopping component LocalSegmentManager
DEBUG:    [25-10-2025 21:26:52] Stopping component SimpleRateLimitEnforcer
DEBUG:    [25-10-2025 21:26:52] Stopping component Posthog
DEBUG:    [25-10-2025 21:26:52] Stopping component SimpleQuotaEnforcer
DEBUG:    [25-10-2025 21:26:52] Stopping component SqliteDB
DEBUG:    [25-10-2025 21:26:52] Stopping component OpenTelemetryClient
INFO:     [25-10-2025 21:26:52] Application shutdown complete.
INFO:     [25-10-2025 21:26:56] ::1:50316 - "GET /api/v1/heartbeat HTTP/1.1" 200
ERROR:    [25-10-2025 21:38:11] '_type'
Traceback (most recent call last):
  File "/Library/Frameworks/Python.framework/Versions/3.12/lib/python3.12/site-packages/anyio/streams/memory.py", line 111, in receive
    return self.receive_nowait()
           ^^^^^^^^^^^^^^^^^^^^^
  File "/Library/Frameworks/Python.framework/Versions/3.12/lib/python3.12/site-packages/anyio/streams/memory.py", line 106, in receive_nowait
    raise WouldBlock
anyio.WouldBlock

During handling of the above exception, another exception occurred:

Traceback (most recent call last):
  File "/Library/Frameworks/Python.framework/Versions/3.12/lib/python3.12/site-packages/anyio/streams/memory.py", line 124, in receive
    return receiver.item
           ^^^^^^^^^^^^^
AttributeError: 'MemoryObjectItemReceiver' object has no attribute 'item'

During handling of the above exception, another exception occurred:

Traceback (most recent call last):
  File "/Library/Frameworks/Python.framework/Versions/3.12/lib/python3.12/site-packages/starlette/middleware/base.py", line 157, in call_next
    message = await recv_stream.receive()
              ^^^^^^^^^^^^^^^^^^^^^^^^^^^
  File "/Library/Frameworks/Python.framework/Versions/3.12/lib/python3.12/site-packages/anyio/streams/memory.py", line 126, in receive
    raise EndOfStream
anyio.EndOfStream

During handling of the above exception, another exception occurred:

Traceback (most recent call last):
  File "/Library/Frameworks/Python.framework/Versions/3.12/lib/python3.12/site-packages/chromadb/server/fastapi/__init__.py", line 107, in catch_exceptions_middleware
    return await call_next(request)
           ^^^^^^^^^^^^^^^^^^^^^^^^
  File "/Library/Frameworks/Python.framework/Versions/3.12/lib/python3.12/site-packages/starlette/middleware/base.py", line 163, in call_next
    raise app_exc
  File "/Library/Frameworks/Python.framework/Versions/3.12/lib/python3.12/site-packages/starlette/middleware/base.py", line 149, in coro
    await self.app(scope, receive_or_disconnect, send_no_error)
  File "/Library/Frameworks/Python.framework/Versions/3.12/lib/python3.12/site-packages/starlette/middleware/base.py", line 185, in __call__
    with collapse_excgroups():
         ^^^^^^^^^^^^^^^^^^^^
  File "/Library/Frameworks/Python.framework/Versions/3.12/lib/python3.12/contextlib.py", line 158, in __exit__
    self.gen.throw(value)
  File "/Library/Frameworks/Python.framework/Versions/3.12/lib/python3.12/site-packages/starlette/_utils.py", line 82, in collapse_excgroups
    raise exc
  File "/Library/Frameworks/Python.framework/Versions/3.12/lib/python3.12/site-packages/starlette/middleware/base.py", line 187, in __call__
    response = await self.dispatch_func(request, call_next)
               ^^^^^^^^^^^^^^^^^^^^^^^^^^^^^^^^^^^^^^^^^^^^
  File "/Library/Frameworks/Python.framework/Versions/3.12/lib/python3.12/site-packages/chromadb/server/fastapi/__init__.py", line 131, in check_http_version_middleware
    return await call_next(request)
           ^^^^^^^^^^^^^^^^^^^^^^^^
  File "/Library/Frameworks/Python.framework/Versions/3.12/lib/python3.12/site-packages/starlette/middleware/base.py", line 163, in call_next
    raise app_exc
  File "/Library/Frameworks/Python.framework/Versions/3.12/lib/python3.12/site-packages/starlette/middleware/base.py", line 149, in coro
    await self.app(scope, receive_or_disconnect, send_no_error)
  File "/Library/Frameworks/Python.framework/Versions/3.12/lib/python3.12/site-packages/starlette/middleware/exceptions.py", line 62, in __call__
    await wrap_app_handling_exceptions(self.app, conn)(scope, receive, send)
  File "/Library/Frameworks/Python.framework/Versions/3.12/lib/python3.12/site-packages/starlette/_exception_handler.py", line 53, in wrapped_app
    raise exc
  File "/Library/Frameworks/Python.framework/Versions/3.12/lib/python3.12/site-packages/starlette/_exception_handler.py", line 42, in wrapped_app
    await app(scope, receive, sender)
  File "/Library/Frameworks/Python.framework/Versions/3.12/lib/python3.12/site-packages/starlette/routing.py", line 715, in __call__
    await self.middleware_stack(scope, receive, send)
  File "/Library/Frameworks/Python.framework/Versions/3.12/lib/python3.12/site-packages/starlette/routing.py", line 735, in app
    await route.handle(scope, receive, send)
  File "/Library/Frameworks/Python.framework/Versions/3.12/lib/python3.12/site-packages/starlette/routing.py", line 288, in handle
    await self.app(scope, receive, send)
  File "/Library/Frameworks/Python.framework/Versions/3.12/lib/python3.12/site-packages/starlette/routing.py", line 76, in app
    await wrap_app_handling_exceptions(app, request)(scope, receive, send)
  File "/Library/Frameworks/Python.framework/Versions/3.12/lib/python3.12/site-packages/starlette/_exception_handler.py", line 53, in wrapped_app
    raise exc
  File "/Library/Frameworks/Python.framework/Versions/3.12/lib/python3.12/site-packages/starlette/_exception_handler.py", line 42, in wrapped_app
    await app(scope, receive, sender)
  File "/Library/Frameworks/Python.framework/Versions/3.12/lib/python3.12/site-packages/starlette/routing.py", line 73, in app
    response = await f(request)
               ^^^^^^^^^^^^^^^^
  File "/Library/Frameworks/Python.framework/Versions/3.12/lib/python3.12/site-packages/fastapi/routing.py", line 301, in app
    raw_response = await run_endpoint_function(
                   ^^^^^^^^^^^^^^^^^^^^^^^^^^^^
  File "/Library/Frameworks/Python.framework/Versions/3.12/lib/python3.12/site-packages/fastapi/routing.py", line 212, in run_endpoint_function
    return await dependant.call(**values)
           ^^^^^^^^^^^^^^^^^^^^^^^^^^^^^^
  File "/Library/Frameworks/Python.framework/Versions/3.12/lib/python3.12/site-packages/chromadb/telemetry/opentelemetry/__init__.py", line 134, in async_wrapper
    return await f(*args, **kwargs)
           ^^^^^^^^^^^^^^^^^^^^^^^^
  File "/Library/Frameworks/Python.framework/Versions/3.12/lib/python3.12/site-packages/chromadb/server/fastapi/__init__.py", line 663, in create_collection
    await to_thread.run_sync(
  File "/Library/Frameworks/Python.framework/Versions/3.12/lib/python3.12/site-packages/anyio/to_thread.py", line 56, in run_sync
    return await get_async_backend().run_sync_in_worker_thread(
           ^^^^^^^^^^^^^^^^^^^^^^^^^^^^^^^^^^^^^^^^^^^^^^^^^^^^
  File "/Library/Frameworks/Python.framework/Versions/3.12/lib/python3.12/site-packages/anyio/_backends/_asyncio.py", line 2505, in run_sync_in_worker_thread
    return await future
           ^^^^^^^^^^^^
  File "/Library/Frameworks/Python.framework/Versions/3.12/lib/python3.12/site-packages/anyio/_backends/_asyncio.py", line 1005, in run
    result = context.run(func, *args)
             ^^^^^^^^^^^^^^^^^^^^^^^^
  File "/Library/Frameworks/Python.framework/Versions/3.12/lib/python3.12/site-packages/chromadb/server/fastapi/__init__.py", line 637, in process_create_collection
    else CollectionConfigurationInternal.from_json(create.configuration)
         ^^^^^^^^^^^^^^^^^^^^^^^^^^^^^^^^^^^^^^^^^^^^^^^^^^^^^^^^^^^^^^^
  File "/Library/Frameworks/Python.framework/Versions/3.12/lib/python3.12/site-packages/chromadb/api/configuration.py", line 209, in from_json
    f"Trying to instantiate configuration of type {cls.__name__} from JSON with type {json_map['_type']}"
                                                                                      ~~~~~~~~^^^^^^^^^
KeyError: '_type'
INFO:     [25-10-2025 21:38:11] ::1:50831 - "POST /api/v2/tenants/default_tenant/databases/default_database/collections HTTP/1.1" 500
ERROR:    [25-10-2025 21:38:18] '_type'
Traceback (most recent call last):
  File "/Library/Frameworks/Python.framework/Versions/3.12/lib/python3.12/site-packages/anyio/streams/memory.py", line 111, in receive
    return self.receive_nowait()
           ^^^^^^^^^^^^^^^^^^^^^
  File "/Library/Frameworks/Python.framework/Versions/3.12/lib/python3.12/site-packages/anyio/streams/memory.py", line 106, in receive_nowait
    raise WouldBlock
anyio.WouldBlock

During handling of the above exception, another exception occurred:

Traceback (most recent call last):
  File "/Library/Frameworks/Python.framework/Versions/3.12/lib/python3.12/site-packages/anyio/streams/memory.py", line 124, in receive
    return receiver.item
           ^^^^^^^^^^^^^
AttributeError: 'MemoryObjectItemReceiver' object has no attribute 'item'

During handling of the above exception, another exception occurred:

Traceback (most recent call last):
  File "/Library/Frameworks/Python.framework/Versions/3.12/lib/python3.12/site-packages/starlette/middleware/base.py", line 157, in call_next
    message = await recv_stream.receive()
              ^^^^^^^^^^^^^^^^^^^^^^^^^^^
  File "/Library/Frameworks/Python.framework/Versions/3.12/lib/python3.12/site-packages/anyio/streams/memory.py", line 126, in receive
    raise EndOfStream
anyio.EndOfStream

During handling of the above exception, another exception occurred:

Traceback (most recent call last):
  File "/Library/Frameworks/Python.framework/Versions/3.12/lib/python3.12/site-packages/chromadb/server/fastapi/__init__.py", line 107, in catch_exceptions_middleware
    return await call_next(request)
           ^^^^^^^^^^^^^^^^^^^^^^^^
  File "/Library/Frameworks/Python.framework/Versions/3.12/lib/python3.12/site-packages/starlette/middleware/base.py", line 163, in call_next
    raise app_exc
  File "/Library/Frameworks/Python.framework/Versions/3.12/lib/python3.12/site-packages/starlette/middleware/base.py", line 149, in coro
    await self.app(scope, receive_or_disconnect, send_no_error)
  File "/Library/Frameworks/Python.framework/Versions/3.12/lib/python3.12/site-packages/starlette/middleware/base.py", line 185, in __call__
    with collapse_excgroups():
         ^^^^^^^^^^^^^^^^^^^^
  File "/Library/Frameworks/Python.framework/Versions/3.12/lib/python3.12/contextlib.py", line 158, in __exit__
    self.gen.throw(value)
  File "/Library/Frameworks/Python.framework/Versions/3.12/lib/python3.12/site-packages/starlette/_utils.py", line 82, in collapse_excgroups
    raise exc
  File "/Library/Frameworks/Python.framework/Versions/3.12/lib/python3.12/site-packages/starlette/middleware/base.py", line 187, in __call__
    response = await self.dispatch_func(request, call_next)
               ^^^^^^^^^^^^^^^^^^^^^^^^^^^^^^^^^^^^^^^^^^^^
  File "/Library/Frameworks/Python.framework/Versions/3.12/lib/python3.12/site-packages/chromadb/server/fastapi/__init__.py", line 131, in check_http_version_middleware
    return await call_next(request)
           ^^^^^^^^^^^^^^^^^^^^^^^^
  File "/Library/Frameworks/Python.framework/Versions/3.12/lib/python3.12/site-packages/starlette/middleware/base.py", line 163, in call_next
    raise app_exc
  File "/Library/Frameworks/Python.framework/Versions/3.12/lib/python3.12/site-packages/starlette/middleware/base.py", line 149, in coro
    await self.app(scope, receive_or_disconnect, send_no_error)
  File "/Library/Frameworks/Python.framework/Versions/3.12/lib/python3.12/site-packages/starlette/middleware/exceptions.py", line 62, in __call__
    await wrap_app_handling_exceptions(self.app, conn)(scope, receive, send)
  File "/Library/Frameworks/Python.framework/Versions/3.12/lib/python3.12/site-packages/starlette/_exception_handler.py", line 53, in wrapped_app
    raise exc
  File "/Library/Frameworks/Python.framework/Versions/3.12/lib/python3.12/site-packages/starlette/_exception_handler.py", line 42, in wrapped_app
    await app(scope, receive, sender)
  File "/Library/Frameworks/Python.framework/Versions/3.12/lib/python3.12/site-packages/starlette/routing.py", line 715, in __call__
    await self.middleware_stack(scope, receive, send)
  File "/Library/Frameworks/Python.framework/Versions/3.12/lib/python3.12/site-packages/starlette/routing.py", line 735, in app
    await route.handle(scope, receive, send)
  File "/Library/Frameworks/Python.framework/Versions/3.12/lib/python3.12/site-packages/starlette/routing.py", line 288, in handle
    await self.app(scope, receive, send)
  File "/Library/Frameworks/Python.framework/Versions/3.12/lib/python3.12/site-packages/starlette/routing.py", line 76, in app
    await wrap_app_handling_exceptions(app, request)(scope, receive, send)
  File "/Library/Frameworks/Python.framework/Versions/3.12/lib/python3.12/site-packages/starlette/_exception_handler.py", line 53, in wrapped_app
    raise exc
  File "/Library/Frameworks/Python.framework/Versions/3.12/lib/python3.12/site-packages/starlette/_exception_handler.py", line 42, in wrapped_app
    await app(scope, receive, sender)
  File "/Library/Frameworks/Python.framework/Versions/3.12/lib/python3.12/site-packages/starlette/routing.py", line 73, in app
    response = await f(request)
               ^^^^^^^^^^^^^^^^
  File "/Library/Frameworks/Python.framework/Versions/3.12/lib/python3.12/site-packages/fastapi/routing.py", line 301, in app
    raw_response = await run_endpoint_function(
                   ^^^^^^^^^^^^^^^^^^^^^^^^^^^^
  File "/Library/Frameworks/Python.framework/Versions/3.12/lib/python3.12/site-packages/fastapi/routing.py", line 212, in run_endpoint_function
    return await dependant.call(**values)
           ^^^^^^^^^^^^^^^^^^^^^^^^^^^^^^
  File "/Library/Frameworks/Python.framework/Versions/3.12/lib/python3.12/site-packages/chromadb/telemetry/opentelemetry/__init__.py", line 134, in async_wrapper
    return await f(*args, **kwargs)
           ^^^^^^^^^^^^^^^^^^^^^^^^
  File "/Library/Frameworks/Python.framework/Versions/3.12/lib/python3.12/site-packages/chromadb/server/fastapi/__init__.py", line 663, in create_collection
    await to_thread.run_sync(
  File "/Library/Frameworks/Python.framework/Versions/3.12/lib/python3.12/site-packages/anyio/to_thread.py", line 56, in run_sync
    return await get_async_backend().run_sync_in_worker_thread(
           ^^^^^^^^^^^^^^^^^^^^^^^^^^^^^^^^^^^^^^^^^^^^^^^^^^^^
  File "/Library/Frameworks/Python.framework/Versions/3.12/lib/python3.12/site-packages/anyio/_backends/_asyncio.py", line 2505, in run_sync_in_worker_thread
    return await future
           ^^^^^^^^^^^^
  File "/Library/Frameworks/Python.framework/Versions/3.12/lib/python3.12/site-packages/anyio/_backends/_asyncio.py", line 1005, in run
    result = context.run(func, *args)
             ^^^^^^^^^^^^^^^^^^^^^^^^
  File "/Library/Frameworks/Python.framework/Versions/3.12/lib/python3.12/site-packages/chromadb/server/fastapi/__init__.py", line 637, in process_create_collection
    else CollectionConfigurationInternal.from_json(create.configuration)
         ^^^^^^^^^^^^^^^^^^^^^^^^^^^^^^^^^^^^^^^^^^^^^^^^^^^^^^^^^^^^^^^
  File "/Library/Frameworks/Python.framework/Versions/3.12/lib/python3.12/site-packages/chromadb/api/configuration.py", line 209, in from_json
    f"Trying to instantiate configuration of type {cls.__name__} from JSON with type {json_map['_type']}"
                                                                                      ~~~~~~~~^^^^^^^^^
KeyError: '_type'
INFO:     [25-10-2025 21:38:18] ::1:50842 - "POST /api/v2/tenants/default_tenant/databases/default_database/collections HTTP/1.1" 500
ERROR:    [25-10-2025 21:38:24] '_type'
Traceback (most recent call last):
  File "/Library/Frameworks/Python.framework/Versions/3.12/lib/python3.12/site-packages/anyio/streams/memory.py", line 111, in receive
    return self.receive_nowait()
           ^^^^^^^^^^^^^^^^^^^^^
  File "/Library/Frameworks/Python.framework/Versions/3.12/lib/python3.12/site-packages/anyio/streams/memory.py", line 106, in receive_nowait
    raise WouldBlock
anyio.WouldBlock

During handling of the above exception, another exception occurred:

Traceback (most recent call last):
  File "/Library/Frameworks/Python.framework/Versions/3.12/lib/python3.12/site-packages/anyio/streams/memory.py", line 124, in receive
    return receiver.item
           ^^^^^^^^^^^^^
AttributeError: 'MemoryObjectItemReceiver' object has no attribute 'item'

During handling of the above exception, another exception occurred:

Traceback (most recent call last):
  File "/Library/Frameworks/Python.framework/Versions/3.12/lib/python3.12/site-packages/starlette/middleware/base.py", line 157, in call_next
    message = await recv_stream.receive()
              ^^^^^^^^^^^^^^^^^^^^^^^^^^^
  File "/Library/Frameworks/Python.framework/Versions/3.12/lib/python3.12/site-packages/anyio/streams/memory.py", line 126, in receive
    raise EndOfStream
anyio.EndOfStream

During handling of the above exception, another exception occurred:

Traceback (most recent call last):
  File "/Library/Frameworks/Python.framework/Versions/3.12/lib/python3.12/site-packages/chromadb/server/fastapi/__init__.py", line 107, in catch_exceptions_middleware
    return await call_next(request)
           ^^^^^^^^^^^^^^^^^^^^^^^^
  File "/Library/Frameworks/Python.framework/Versions/3.12/lib/python3.12/site-packages/starlette/middleware/base.py", line 163, in call_next
    raise app_exc
  File "/Library/Frameworks/Python.framework/Versions/3.12/lib/python3.12/site-packages/starlette/middleware/base.py", line 149, in coro
    await self.app(scope, receive_or_disconnect, send_no_error)
  File "/Library/Frameworks/Python.framework/Versions/3.12/lib/python3.12/site-packages/starlette/middleware/base.py", line 185, in __call__
    with collapse_excgroups():
         ^^^^^^^^^^^^^^^^^^^^
  File "/Library/Frameworks/Python.framework/Versions/3.12/lib/python3.12/contextlib.py", line 158, in __exit__
    self.gen.throw(value)
  File "/Library/Frameworks/Python.framework/Versions/3.12/lib/python3.12/site-packages/starlette/_utils.py", line 82, in collapse_excgroups
    raise exc
  File "/Library/Frameworks/Python.framework/Versions/3.12/lib/python3.12/site-packages/starlette/middleware/base.py", line 187, in __call__
    response = await self.dispatch_func(request, call_next)
               ^^^^^^^^^^^^^^^^^^^^^^^^^^^^^^^^^^^^^^^^^^^^
  File "/Library/Frameworks/Python.framework/Versions/3.12/lib/python3.12/site-packages/chromadb/server/fastapi/__init__.py", line 131, in check_http_version_middleware
    return await call_next(request)
           ^^^^^^^^^^^^^^^^^^^^^^^^
  File "/Library/Frameworks/Python.framework/Versions/3.12/lib/python3.12/site-packages/starlette/middleware/base.py", line 163, in call_next
    raise app_exc
  File "/Library/Frameworks/Python.framework/Versions/3.12/lib/python3.12/site-packages/starlette/middleware/base.py", line 149, in coro
    await self.app(scope, receive_or_disconnect, send_no_error)
  File "/Library/Frameworks/Python.framework/Versions/3.12/lib/python3.12/site-packages/starlette/middleware/exceptions.py", line 62, in __call__
    await wrap_app_handling_exceptions(self.app, conn)(scope, receive, send)
  File "/Library/Frameworks/Python.framework/Versions/3.12/lib/python3.12/site-packages/starlette/_exception_handler.py", line 53, in wrapped_app
    raise exc
  File "/Library/Frameworks/Python.framework/Versions/3.12/lib/python3.12/site-packages/starlette/_exception_handler.py", line 42, in wrapped_app
    await app(scope, receive, sender)
  File "/Library/Frameworks/Python.framework/Versions/3.12/lib/python3.12/site-packages/starlette/routing.py", line 715, in __call__
    await self.middleware_stack(scope, receive, send)
  File "/Library/Frameworks/Python.framework/Versions/3.12/lib/python3.12/site-packages/starlette/routing.py", line 735, in app
    await route.handle(scope, receive, send)
  File "/Library/Frameworks/Python.framework/Versions/3.12/lib/python3.12/site-packages/starlette/routing.py", line 288, in handle
    await self.app(scope, receive, send)
  File "/Library/Frameworks/Python.framework/Versions/3.12/lib/python3.12/site-packages/starlette/routing.py", line 76, in app
    await wrap_app_handling_exceptions(app, request)(scope, receive, send)
  File "/Library/Frameworks/Python.framework/Versions/3.12/lib/python3.12/site-packages/starlette/_exception_handler.py", line 53, in wrapped_app
    raise exc
  File "/Library/Frameworks/Python.framework/Versions/3.12/lib/python3.12/site-packages/starlette/_exception_handler.py", line 42, in wrapped_app
    await app(scope, receive, sender)
  File "/Library/Frameworks/Python.framework/Versions/3.12/lib/python3.12/site-packages/starlette/routing.py", line 73, in app
    response = await f(request)
               ^^^^^^^^^^^^^^^^
  File "/Library/Frameworks/Python.framework/Versions/3.12/lib/python3.12/site-packages/fastapi/routing.py", line 301, in app
    raw_response = await run_endpoint_function(
                   ^^^^^^^^^^^^^^^^^^^^^^^^^^^^
  File "/Library/Frameworks/Python.framework/Versions/3.12/lib/python3.12/site-packages/fastapi/routing.py", line 212, in run_endpoint_function
    return await dependant.call(**values)
           ^^^^^^^^^^^^^^^^^^^^^^^^^^^^^^
  File "/Library/Frameworks/Python.framework/Versions/3.12/lib/python3.12/site-packages/chromadb/telemetry/opentelemetry/__init__.py", line 134, in async_wrapper
    return await f(*args, **kwargs)
           ^^^^^^^^^^^^^^^^^^^^^^^^
  File "/Library/Frameworks/Python.framework/Versions/3.12/lib/python3.12/site-packages/chromadb/server/fastapi/__init__.py", line 663, in create_collection
    await to_thread.run_sync(
  File "/Library/Frameworks/Python.framework/Versions/3.12/lib/python3.12/site-packages/anyio/to_thread.py", line 56, in run_sync
    return await get_async_backend().run_sync_in_worker_thread(
           ^^^^^^^^^^^^^^^^^^^^^^^^^^^^^^^^^^^^^^^^^^^^^^^^^^^^
  File "/Library/Frameworks/Python.framework/Versions/3.12/lib/python3.12/site-packages/anyio/_backends/_asyncio.py", line 2505, in run_sync_in_worker_thread
    return await future
           ^^^^^^^^^^^^
  File "/Library/Frameworks/Python.framework/Versions/3.12/lib/python3.12/site-packages/anyio/_backends/_asyncio.py", line 1005, in run
    result = context.run(func, *args)
             ^^^^^^^^^^^^^^^^^^^^^^^^
  File "/Library/Frameworks/Python.framework/Versions/3.12/lib/python3.12/site-packages/chromadb/server/fastapi/__init__.py", line 637, in process_create_collection
    else CollectionConfigurationInternal.from_json(create.configuration)
         ^^^^^^^^^^^^^^^^^^^^^^^^^^^^^^^^^^^^^^^^^^^^^^^^^^^^^^^^^^^^^^^
  File "/Library/Frameworks/Python.framework/Versions/3.12/lib/python3.12/site-packages/chromadb/api/configuration.py", line 209, in from_json
    f"Trying to instantiate configuration of type {cls.__name__} from JSON with type {json_map['_type']}"
                                                                                      ~~~~~~~~^^^^^^^^^
KeyError: '_type'
INFO:     [25-10-2025 21:38:24] ::1:50850 - "POST /api/v2/tenants/default_tenant/databases/default_database/collections HTTP/1.1" 500
INFO:     [25-10-2025 21:38:25] ::1:50854 - "GET /api/v1/heartbeat HTTP/1.1" 200
ERROR:    [25-10-2025 21:38:32] '_type'
Traceback (most recent call last):
  File "/Library/Frameworks/Python.framework/Versions/3.12/lib/python3.12/site-packages/anyio/streams/memory.py", line 111, in receive
    return self.receive_nowait()
           ^^^^^^^^^^^^^^^^^^^^^
  File "/Library/Frameworks/Python.framework/Versions/3.12/lib/python3.12/site-packages/anyio/streams/memory.py", line 106, in receive_nowait
    raise WouldBlock
anyio.WouldBlock

During handling of the above exception, another exception occurred:

Traceback (most recent call last):
  File "/Library/Frameworks/Python.framework/Versions/3.12/lib/python3.12/site-packages/anyio/streams/memory.py", line 124, in receive
    return receiver.item
           ^^^^^^^^^^^^^
AttributeError: 'MemoryObjectItemReceiver' object has no attribute 'item'

During handling of the above exception, another exception occurred:

Traceback (most recent call last):
  File "/Library/Frameworks/Python.framework/Versions/3.12/lib/python3.12/site-packages/starlette/middleware/base.py", line 157, in call_next
    message = await recv_stream.receive()
              ^^^^^^^^^^^^^^^^^^^^^^^^^^^
  File "/Library/Frameworks/Python.framework/Versions/3.12/lib/python3.12/site-packages/anyio/streams/memory.py", line 126, in receive
    raise EndOfStream
anyio.EndOfStream

During handling of the above exception, another exception occurred:

Traceback (most recent call last):
  File "/Library/Frameworks/Python.framework/Versions/3.12/lib/python3.12/site-packages/chromadb/server/fastapi/__init__.py", line 107, in catch_exceptions_middleware
    return await call_next(request)
           ^^^^^^^^^^^^^^^^^^^^^^^^
  File "/Library/Frameworks/Python.framework/Versions/3.12/lib/python3.12/site-packages/starlette/middleware/base.py", line 163, in call_next
    raise app_exc
  File "/Library/Frameworks/Python.framework/Versions/3.12/lib/python3.12/site-packages/starlette/middleware/base.py", line 149, in coro
    await self.app(scope, receive_or_disconnect, send_no_error)
  File "/Library/Frameworks/Python.framework/Versions/3.12/lib/python3.12/site-packages/starlette/middleware/base.py", line 185, in __call__
    with collapse_excgroups():
         ^^^^^^^^^^^^^^^^^^^^
  File "/Library/Frameworks/Python.framework/Versions/3.12/lib/python3.12/contextlib.py", line 158, in __exit__
    self.gen.throw(value)
  File "/Library/Frameworks/Python.framework/Versions/3.12/lib/python3.12/site-packages/starlette/_utils.py", line 82, in collapse_excgroups
    raise exc
  File "/Library/Frameworks/Python.framework/Versions/3.12/lib/python3.12/site-packages/starlette/middleware/base.py", line 187, in __call__
    response = await self.dispatch_func(request, call_next)
               ^^^^^^^^^^^^^^^^^^^^^^^^^^^^^^^^^^^^^^^^^^^^
  File "/Library/Frameworks/Python.framework/Versions/3.12/lib/python3.12/site-packages/chromadb/server/fastapi/__init__.py", line 131, in check_http_version_middleware
    return await call_next(request)
           ^^^^^^^^^^^^^^^^^^^^^^^^
  File "/Library/Frameworks/Python.framework/Versions/3.12/lib/python3.12/site-packages/starlette/middleware/base.py", line 163, in call_next
    raise app_exc
  File "/Library/Frameworks/Python.framework/Versions/3.12/lib/python3.12/site-packages/starlette/middleware/base.py", line 149, in coro
    await self.app(scope, receive_or_disconnect, send_no_error)
  File "/Library/Frameworks/Python.framework/Versions/3.12/lib/python3.12/site-packages/starlette/middleware/exceptions.py", line 62, in __call__
    await wrap_app_handling_exceptions(self.app, conn)(scope, receive, send)
  File "/Library/Frameworks/Python.framework/Versions/3.12/lib/python3.12/site-packages/starlette/_exception_handler.py", line 53, in wrapped_app
    raise exc
  File "/Library/Frameworks/Python.framework/Versions/3.12/lib/python3.12/site-packages/starlette/_exception_handler.py", line 42, in wrapped_app
    await app(scope, receive, sender)
  File "/Library/Frameworks/Python.framework/Versions/3.12/lib/python3.12/site-packages/starlette/routing.py", line 715, in __call__
    await self.middleware_stack(scope, receive, send)
  File "/Library/Frameworks/Python.framework/Versions/3.12/lib/python3.12/site-packages/starlette/routing.py", line 735, in app
    await route.handle(scope, receive, send)
  File "/Library/Frameworks/Python.framework/Versions/3.12/lib/python3.12/site-packages/starlette/routing.py", line 288, in handle
    await self.app(scope, receive, send)
  File "/Library/Frameworks/Python.framework/Versions/3.12/lib/python3.12/site-packages/starlette/routing.py", line 76, in app
    await wrap_app_handling_exceptions(app, request)(scope, receive, send)
  File "/Library/Frameworks/Python.framework/Versions/3.12/lib/python3.12/site-packages/starlette/_exception_handler.py", line 53, in wrapped_app
    raise exc
  File "/Library/Frameworks/Python.framework/Versions/3.12/lib/python3.12/site-packages/starlette/_exception_handler.py", line 42, in wrapped_app
    await app(scope, receive, sender)
  File "/Library/Frameworks/Python.framework/Versions/3.12/lib/python3.12/site-packages/starlette/routing.py", line 73, in app
    response = await f(request)
               ^^^^^^^^^^^^^^^^
  File "/Library/Frameworks/Python.framework/Versions/3.12/lib/python3.12/site-packages/fastapi/routing.py", line 301, in app
    raw_response = await run_endpoint_function(
                   ^^^^^^^^^^^^^^^^^^^^^^^^^^^^
  File "/Library/Frameworks/Python.framework/Versions/3.12/lib/python3.12/site-packages/fastapi/routing.py", line 212, in run_endpoint_function
    return await dependant.call(**values)
           ^^^^^^^^^^^^^^^^^^^^^^^^^^^^^^
  File "/Library/Frameworks/Python.framework/Versions/3.12/lib/python3.12/site-packages/chromadb/telemetry/opentelemetry/__init__.py", line 134, in async_wrapper
    return await f(*args, **kwargs)
           ^^^^^^^^^^^^^^^^^^^^^^^^
  File "/Library/Frameworks/Python.framework/Versions/3.12/lib/python3.12/site-packages/chromadb/server/fastapi/__init__.py", line 663, in create_collection
    await to_thread.run_sync(
  File "/Library/Frameworks/Python.framework/Versions/3.12/lib/python3.12/site-packages/anyio/to_thread.py", line 56, in run_sync
    return await get_async_backend().run_sync_in_worker_thread(
           ^^^^^^^^^^^^^^^^^^^^^^^^^^^^^^^^^^^^^^^^^^^^^^^^^^^^
  File "/Library/Frameworks/Python.framework/Versions/3.12/lib/python3.12/site-packages/anyio/_backends/_asyncio.py", line 2505, in run_sync_in_worker_thread
    return await future
           ^^^^^^^^^^^^
  File "/Library/Frameworks/Python.framework/Versions/3.12/lib/python3.12/site-packages/anyio/_backends/_asyncio.py", line 1005, in run
    result = context.run(func, *args)
             ^^^^^^^^^^^^^^^^^^^^^^^^
  File "/Library/Frameworks/Python.framework/Versions/3.12/lib/python3.12/site-packages/chromadb/server/fastapi/__init__.py", line 637, in process_create_collection
    else CollectionConfigurationInternal.from_json(create.configuration)
         ^^^^^^^^^^^^^^^^^^^^^^^^^^^^^^^^^^^^^^^^^^^^^^^^^^^^^^^^^^^^^^^
  File "/Library/Frameworks/Python.framework/Versions/3.12/lib/python3.12/site-packages/chromadb/api/configuration.py", line 209, in from_json
    f"Trying to instantiate configuration of type {cls.__name__} from JSON with type {json_map['_type']}"
                                                                                      ~~~~~~~~^^^^^^^^^
KeyError: '_type'
INFO:     [25-10-2025 21:38:32] ::1:50863 - "POST /api/v2/tenants/default_tenant/databases/default_database/collections HTTP/1.1" 500
INFO:     [25-10-2025 21:38:42] ::1:50873 - "GET /api/v2/tenants/default_tenant/databases/default_database/collections/my_collection HTTP/1.1" 400
INFO:     [25-10-2025 21:38:55] ::1:50880 - "GET /api/v2/tenants/default_tenant/databases/default_database/collections/my_collection HTTP/1.1" 400
ERROR:    [25-10-2025 21:39:16] '_type'
Traceback (most recent call last):
  File "/Library/Frameworks/Python.framework/Versions/3.12/lib/python3.12/site-packages/anyio/streams/memory.py", line 111, in receive
    return self.receive_nowait()
           ^^^^^^^^^^^^^^^^^^^^^
  File "/Library/Frameworks/Python.framework/Versions/3.12/lib/python3.12/site-packages/anyio/streams/memory.py", line 106, in receive_nowait
    raise WouldBlock
anyio.WouldBlock

During handling of the above exception, another exception occurred:

Traceback (most recent call last):
  File "/Library/Frameworks/Python.framework/Versions/3.12/lib/python3.12/site-packages/anyio/streams/memory.py", line 124, in receive
    return receiver.item
           ^^^^^^^^^^^^^
AttributeError: 'MemoryObjectItemReceiver' object has no attribute 'item'

During handling of the above exception, another exception occurred:

Traceback (most recent call last):
  File "/Library/Frameworks/Python.framework/Versions/3.12/lib/python3.12/site-packages/starlette/middleware/base.py", line 157, in call_next
    message = await recv_stream.receive()
              ^^^^^^^^^^^^^^^^^^^^^^^^^^^
  File "/Library/Frameworks/Python.framework/Versions/3.12/lib/python3.12/site-packages/anyio/streams/memory.py", line 126, in receive
    raise EndOfStream
anyio.EndOfStream

During handling of the above exception, another exception occurred:

Traceback (most recent call last):
  File "/Library/Frameworks/Python.framework/Versions/3.12/lib/python3.12/site-packages/chromadb/server/fastapi/__init__.py", line 107, in catch_exceptions_middleware
    return await call_next(request)
           ^^^^^^^^^^^^^^^^^^^^^^^^
  File "/Library/Frameworks/Python.framework/Versions/3.12/lib/python3.12/site-packages/starlette/middleware/base.py", line 163, in call_next
    raise app_exc
  File "/Library/Frameworks/Python.framework/Versions/3.12/lib/python3.12/site-packages/starlette/middleware/base.py", line 149, in coro
    await self.app(scope, receive_or_disconnect, send_no_error)
  File "/Library/Frameworks/Python.framework/Versions/3.12/lib/python3.12/site-packages/starlette/middleware/base.py", line 185, in __call__
    with collapse_excgroups():
         ^^^^^^^^^^^^^^^^^^^^
  File "/Library/Frameworks/Python.framework/Versions/3.12/lib/python3.12/contextlib.py", line 158, in __exit__
    self.gen.throw(value)
  File "/Library/Frameworks/Python.framework/Versions/3.12/lib/python3.12/site-packages/starlette/_utils.py", line 82, in collapse_excgroups
    raise exc
  File "/Library/Frameworks/Python.framework/Versions/3.12/lib/python3.12/site-packages/starlette/middleware/base.py", line 187, in __call__
    response = await self.dispatch_func(request, call_next)
               ^^^^^^^^^^^^^^^^^^^^^^^^^^^^^^^^^^^^^^^^^^^^
  File "/Library/Frameworks/Python.framework/Versions/3.12/lib/python3.12/site-packages/chromadb/server/fastapi/__init__.py", line 131, in check_http_version_middleware
    return await call_next(request)
           ^^^^^^^^^^^^^^^^^^^^^^^^
  File "/Library/Frameworks/Python.framework/Versions/3.12/lib/python3.12/site-packages/starlette/middleware/base.py", line 163, in call_next
    raise app_exc
  File "/Library/Frameworks/Python.framework/Versions/3.12/lib/python3.12/site-packages/starlette/middleware/base.py", line 149, in coro
    await self.app(scope, receive_or_disconnect, send_no_error)
  File "/Library/Frameworks/Python.framework/Versions/3.12/lib/python3.12/site-packages/starlette/middleware/exceptions.py", line 62, in __call__
    await wrap_app_handling_exceptions(self.app, conn)(scope, receive, send)
  File "/Library/Frameworks/Python.framework/Versions/3.12/lib/python3.12/site-packages/starlette/_exception_handler.py", line 53, in wrapped_app
    raise exc
  File "/Library/Frameworks/Python.framework/Versions/3.12/lib/python3.12/site-packages/starlette/_exception_handler.py", line 42, in wrapped_app
    await app(scope, receive, sender)
  File "/Library/Frameworks/Python.framework/Versions/3.12/lib/python3.12/site-packages/starlette/routing.py", line 715, in __call__
    await self.middleware_stack(scope, receive, send)
  File "/Library/Frameworks/Python.framework/Versions/3.12/lib/python3.12/site-packages/starlette/routing.py", line 735, in app
    await route.handle(scope, receive, send)
  File "/Library/Frameworks/Python.framework/Versions/3.12/lib/python3.12/site-packages/starlette/routing.py", line 288, in handle
    await self.app(scope, receive, send)
  File "/Library/Frameworks/Python.framework/Versions/3.12/lib/python3.12/site-packages/starlette/routing.py", line 76, in app
    await wrap_app_handling_exceptions(app, request)(scope, receive, send)
  File "/Library/Frameworks/Python.framework/Versions/3.12/lib/python3.12/site-packages/starlette/_exception_handler.py", line 53, in wrapped_app
    raise exc
  File "/Library/Frameworks/Python.framework/Versions/3.12/lib/python3.12/site-packages/starlette/_exception_handler.py", line 42, in wrapped_app
    await app(scope, receive, sender)
  File "/Library/Frameworks/Python.framework/Versions/3.12/lib/python3.12/site-packages/starlette/routing.py", line 73, in app
    response = await f(request)
               ^^^^^^^^^^^^^^^^
  File "/Library/Frameworks/Python.framework/Versions/3.12/lib/python3.12/site-packages/fastapi/routing.py", line 301, in app
    raw_response = await run_endpoint_function(
                   ^^^^^^^^^^^^^^^^^^^^^^^^^^^^
  File "/Library/Frameworks/Python.framework/Versions/3.12/lib/python3.12/site-packages/fastapi/routing.py", line 212, in run_endpoint_function
    return await dependant.call(**values)
           ^^^^^^^^^^^^^^^^^^^^^^^^^^^^^^
  File "/Library/Frameworks/Python.framework/Versions/3.12/lib/python3.12/site-packages/chromadb/telemetry/opentelemetry/__init__.py", line 134, in async_wrapper
    return await f(*args, **kwargs)
           ^^^^^^^^^^^^^^^^^^^^^^^^
  File "/Library/Frameworks/Python.framework/Versions/3.12/lib/python3.12/site-packages/chromadb/server/fastapi/__init__.py", line 663, in create_collection
    await to_thread.run_sync(
  File "/Library/Frameworks/Python.framework/Versions/3.12/lib/python3.12/site-packages/anyio/to_thread.py", line 56, in run_sync
    return await get_async_backend().run_sync_in_worker_thread(
           ^^^^^^^^^^^^^^^^^^^^^^^^^^^^^^^^^^^^^^^^^^^^^^^^^^^^
  File "/Library/Frameworks/Python.framework/Versions/3.12/lib/python3.12/site-packages/anyio/_backends/_asyncio.py", line 2505, in run_sync_in_worker_thread
    return await future
           ^^^^^^^^^^^^
  File "/Library/Frameworks/Python.framework/Versions/3.12/lib/python3.12/site-packages/anyio/_backends/_asyncio.py", line 1005, in run
    result = context.run(func, *args)
             ^^^^^^^^^^^^^^^^^^^^^^^^
  File "/Library/Frameworks/Python.framework/Versions/3.12/lib/python3.12/site-packages/chromadb/server/fastapi/__init__.py", line 637, in process_create_collection
    else CollectionConfigurationInternal.from_json(create.configuration)
         ^^^^^^^^^^^^^^^^^^^^^^^^^^^^^^^^^^^^^^^^^^^^^^^^^^^^^^^^^^^^^^^
  File "/Library/Frameworks/Python.framework/Versions/3.12/lib/python3.12/site-packages/chromadb/api/configuration.py", line 209, in from_json
    f"Trying to instantiate configuration of type {cls.__name__} from JSON with type {json_map['_type']}"
                                                                                      ~~~~~~~~^^^^^^^^^
KeyError: '_type'
INFO:     [25-10-2025 21:39:16] ::1:50889 - "POST /api/v2/tenants/default_tenant/databases/default_database/collections HTTP/1.1" 500
INFO:     [25-10-2025 21:39:30] ::1:50893 - "GET /api/v2/tenants/default_tenant/databases/default_database/collections/my_collection HTTP/1.1" 400
INFO:     [25-10-2025 21:39:46] ::1:50901 - "GET /api/v2/tenants/default_tenant/databases/default_database/collections/my_collection HTTP/1.1" 400
ERROR:    [25-10-2025 21:40:41] '_type'
Traceback (most recent call last):
  File "/Library/Frameworks/Python.framework/Versions/3.12/lib/python3.12/site-packages/anyio/streams/memory.py", line 111, in receive
    return self.receive_nowait()
           ^^^^^^^^^^^^^^^^^^^^^
  File "/Library/Frameworks/Python.framework/Versions/3.12/lib/python3.12/site-packages/anyio/streams/memory.py", line 106, in receive_nowait
    raise WouldBlock
anyio.WouldBlock

During handling of the above exception, another exception occurred:

Traceback (most recent call last):
  File "/Library/Frameworks/Python.framework/Versions/3.12/lib/python3.12/site-packages/anyio/streams/memory.py", line 124, in receive
    return receiver.item
           ^^^^^^^^^^^^^
AttributeError: 'MemoryObjectItemReceiver' object has no attribute 'item'

During handling of the above exception, another exception occurred:

Traceback (most recent call last):
  File "/Library/Frameworks/Python.framework/Versions/3.12/lib/python3.12/site-packages/starlette/middleware/base.py", line 157, in call_next
    message = await recv_stream.receive()
              ^^^^^^^^^^^^^^^^^^^^^^^^^^^
  File "/Library/Frameworks/Python.framework/Versions/3.12/lib/python3.12/site-packages/anyio/streams/memory.py", line 126, in receive
    raise EndOfStream
anyio.EndOfStream

During handling of the above exception, another exception occurred:

Traceback (most recent call last):
  File "/Library/Frameworks/Python.framework/Versions/3.12/lib/python3.12/site-packages/chromadb/server/fastapi/__init__.py", line 107, in catch_exceptions_middleware
    return await call_next(request)
           ^^^^^^^^^^^^^^^^^^^^^^^^
  File "/Library/Frameworks/Python.framework/Versions/3.12/lib/python3.12/site-packages/starlette/middleware/base.py", line 163, in call_next
    raise app_exc
  File "/Library/Frameworks/Python.framework/Versions/3.12/lib/python3.12/site-packages/starlette/middleware/base.py", line 149, in coro
    await self.app(scope, receive_or_disconnect, send_no_error)
  File "/Library/Frameworks/Python.framework/Versions/3.12/lib/python3.12/site-packages/starlette/middleware/base.py", line 185, in __call__
    with collapse_excgroups():
         ^^^^^^^^^^^^^^^^^^^^
  File "/Library/Frameworks/Python.framework/Versions/3.12/lib/python3.12/contextlib.py", line 158, in __exit__
    self.gen.throw(value)
  File "/Library/Frameworks/Python.framework/Versions/3.12/lib/python3.12/site-packages/starlette/_utils.py", line 82, in collapse_excgroups
    raise exc
  File "/Library/Frameworks/Python.framework/Versions/3.12/lib/python3.12/site-packages/starlette/middleware/base.py", line 187, in __call__
    response = await self.dispatch_func(request, call_next)
               ^^^^^^^^^^^^^^^^^^^^^^^^^^^^^^^^^^^^^^^^^^^^
  File "/Library/Frameworks/Python.framework/Versions/3.12/lib/python3.12/site-packages/chromadb/server/fastapi/__init__.py", line 131, in check_http_version_middleware
    return await call_next(request)
           ^^^^^^^^^^^^^^^^^^^^^^^^
  File "/Library/Frameworks/Python.framework/Versions/3.12/lib/python3.12/site-packages/starlette/middleware/base.py", line 163, in call_next
    raise app_exc
  File "/Library/Frameworks/Python.framework/Versions/3.12/lib/python3.12/site-packages/starlette/middleware/base.py", line 149, in coro
    await self.app(scope, receive_or_disconnect, send_no_error)
  File "/Library/Frameworks/Python.framework/Versions/3.12/lib/python3.12/site-packages/starlette/middleware/exceptions.py", line 62, in __call__
    await wrap_app_handling_exceptions(self.app, conn)(scope, receive, send)
  File "/Library/Frameworks/Python.framework/Versions/3.12/lib/python3.12/site-packages/starlette/_exception_handler.py", line 53, in wrapped_app
    raise exc
  File "/Library/Frameworks/Python.framework/Versions/3.12/lib/python3.12/site-packages/starlette/_exception_handler.py", line 42, in wrapped_app
    await app(scope, receive, sender)
  File "/Library/Frameworks/Python.framework/Versions/3.12/lib/python3.12/site-packages/starlette/routing.py", line 715, in __call__
    await self.middleware_stack(scope, receive, send)
  File "/Library/Frameworks/Python.framework/Versions/3.12/lib/python3.12/site-packages/starlette/routing.py", line 735, in app
    await route.handle(scope, receive, send)
  File "/Library/Frameworks/Python.framework/Versions/3.12/lib/python3.12/site-packages/starlette/routing.py", line 288, in handle
    await self.app(scope, receive, send)
  File "/Library/Frameworks/Python.framework/Versions/3.12/lib/python3.12/site-packages/starlette/routing.py", line 76, in app
    await wrap_app_handling_exceptions(app, request)(scope, receive, send)
  File "/Library/Frameworks/Python.framework/Versions/3.12/lib/python3.12/site-packages/starlette/_exception_handler.py", line 53, in wrapped_app
    raise exc
  File "/Library/Frameworks/Python.framework/Versions/3.12/lib/python3.12/site-packages/starlette/_exception_handler.py", line 42, in wrapped_app
    await app(scope, receive, sender)
  File "/Library/Frameworks/Python.framework/Versions/3.12/lib/python3.12/site-packages/starlette/routing.py", line 73, in app
    response = await f(request)
               ^^^^^^^^^^^^^^^^
  File "/Library/Frameworks/Python.framework/Versions/3.12/lib/python3.12/site-packages/fastapi/routing.py", line 301, in app
    raw_response = await run_endpoint_function(
                   ^^^^^^^^^^^^^^^^^^^^^^^^^^^^
  File "/Library/Frameworks/Python.framework/Versions/3.12/lib/python3.12/site-packages/fastapi/routing.py", line 212, in run_endpoint_function
    return await dependant.call(**values)
           ^^^^^^^^^^^^^^^^^^^^^^^^^^^^^^
  File "/Library/Frameworks/Python.framework/Versions/3.12/lib/python3.12/site-packages/chromadb/telemetry/opentelemetry/__init__.py", line 134, in async_wrapper
    return await f(*args, **kwargs)
           ^^^^^^^^^^^^^^^^^^^^^^^^
  File "/Library/Frameworks/Python.framework/Versions/3.12/lib/python3.12/site-packages/chromadb/server/fastapi/__init__.py", line 663, in create_collection
    await to_thread.run_sync(
  File "/Library/Frameworks/Python.framework/Versions/3.12/lib/python3.12/site-packages/anyio/to_thread.py", line 56, in run_sync
    return await get_async_backend().run_sync_in_worker_thread(
           ^^^^^^^^^^^^^^^^^^^^^^^^^^^^^^^^^^^^^^^^^^^^^^^^^^^^
  File "/Library/Frameworks/Python.framework/Versions/3.12/lib/python3.12/site-packages/anyio/_backends/_asyncio.py", line 2505, in run_sync_in_worker_thread
    return await future
           ^^^^^^^^^^^^
  File "/Library/Frameworks/Python.framework/Versions/3.12/lib/python3.12/site-packages/anyio/_backends/_asyncio.py", line 1005, in run
    result = context.run(func, *args)
             ^^^^^^^^^^^^^^^^^^^^^^^^
  File "/Library/Frameworks/Python.framework/Versions/3.12/lib/python3.12/site-packages/chromadb/server/fastapi/__init__.py", line 637, in process_create_collection
    else CollectionConfigurationInternal.from_json(create.configuration)
         ^^^^^^^^^^^^^^^^^^^^^^^^^^^^^^^^^^^^^^^^^^^^^^^^^^^^^^^^^^^^^^^
  File "/Library/Frameworks/Python.framework/Versions/3.12/lib/python3.12/site-packages/chromadb/api/configuration.py", line 209, in from_json
    f"Trying to instantiate configuration of type {cls.__name__} from JSON with type {json_map['_type']}"
                                                                                      ~~~~~~~~^^^^^^^^^
KeyError: '_type'
INFO:     [25-10-2025 21:40:41] ::1:50929 - "POST /api/v2/tenants/default_tenant/databases/default_database/collections HTTP/1.1" 500
INFO:     [25-10-2025 21:40:42] ::1:50933 - "GET /api/v1/collections HTTP/1.1" 200
INFO:     [25-10-2025 21:40:46] ::1:50939 - "GET /api/v2/tenants/default_tenant/databases/default_database/collections/game-theory-knowledge HTTP/1.1" 200
INFO:     [25-10-2025 21:41:06] ::1:50948 - "POST /api/v1/collections/game-theory-knowledge/query HTTP/1.1" 422
INFO:     [25-10-2025 21:41:11] ::1:50954 - "GET /api/v2/tenants/default_tenant/databases/default_database/collections/game-theory-knowledge HTTP/1.1" 200
INFO:     [25-10-2025 21:41:11] ::1:50955 - "GET /api/v2/pre-flight-checks HTTP/1.1" 200
INFO:     [25-10-2025 21:41:13] ::1:50959 - "GET /api/v2/tenants/default_tenant/databases/default_database/collections/game-theory-knowledge HTTP/1.1" 200
INFO:     [25-10-2025 21:41:30] ::1:50968 - "GET /api/v2/tenants/default_tenant/databases/default_database/collections/game-theory-knowledge HTTP/1.1" 200
INFO:     [25-10-2025 21:41:47] ::1:50974 - "POST /api/v1/collections/game-theory-knowledge/add HTTP/1.1" 400
INFO:     [25-10-2025 21:41:48] ::1:50978 - "GET /api/v1/collections HTTP/1.1" 200
DEBUG:    [25-10-2025 21:41:51] Starting component PersistentLocalHnswSegment
INFO:     [25-10-2025 21:41:51] ::1:50981 - "POST /api/v1/collections/06fb865a-e11e-462a-a99e-68da8fe1544d/add HTTP/1.1" 201
INFO:     [25-10-2025 21:41:53] ::1:50987 - "GET /api/v2/tenants/default_tenant/databases/default_database/collections/game-theory-knowledge HTTP/1.1" 200
INFO:     [25-10-2025 21:42:06] ::1:50994 - "GET /api/v2/tenants/default_tenant/databases/default_database/collections/game-theory-knowledge HTTP/1.1" 200
[33mWARNING[0m:  [25-10-2025 21:42:28] chroma_server_nofile is set to 65535, but this is less than current soft limit of 1048575. chroma_server_nofile will not be set.
INFO:     [25-10-2025 21:42:53] Shutting down
INFO:     [25-10-2025 21:42:53] Waiting for application shutdown.
DEBUG:    [25-10-2025 21:42:53] Stopping component System
DEBUG:    [25-10-2025 21:42:53] Stopping component SegmentAPI
DEBUG:    [25-10-2025 21:42:53] Stopping component LocalExecutor
DEBUG:    [25-10-2025 21:42:53] Stopping component PersistentLocalHnswSegment
DEBUG:    [25-10-2025 21:42:53] Stopping component LocalSegmentManager
DEBUG:    [25-10-2025 21:42:53] Stopping component SimpleRateLimitEnforcer
DEBUG:    [25-10-2025 21:42:53] Stopping component Posthog
DEBUG:    [25-10-2025 21:42:53] Stopping component SimpleQuotaEnforcer
DEBUG:    [25-10-2025 21:42:53] Stopping component SqliteDB
DEBUG:    [25-10-2025 21:42:53] Stopping component OpenTelemetryClient
INFO:     [25-10-2025 21:42:53] Application shutdown complete.
INFO:     [25-10-2025 21:42:53] Finished server process [72766]
WARNING:  [25-10-2025 21:42:55] chroma_server_nofile is set to 65535, but this is less than current soft limit of 1048575. chroma_server_nofile will not be set.
INFO:     [25-10-2025 21:42:55] Anonymized telemetry enabled. See                     https://docs.trychroma.com/telemetry for more information.
DEBUG:    [25-10-2025 21:42:55] Starting component System
DEBUG:    [25-10-2025 21:42:55] Starting component OpenTelemetryClient
DEBUG:    [25-10-2025 21:42:55] Starting component SqliteDB
DEBUG:    [25-10-2025 21:42:55] Starting component SimpleQuotaEnforcer
DEBUG:    [25-10-2025 21:42:55] Starting component Posthog
DEBUG:    [25-10-2025 21:42:55] Starting component SimpleRateLimitEnforcer
DEBUG:    [25-10-2025 21:42:55] Starting component LocalSegmentManager
DEBUG:    [25-10-2025 21:42:55] Starting component LocalExecutor
DEBUG:    [25-10-2025 21:42:55] Starting component SegmentAPI
INFO:     [25-10-2025 21:42:55] Started server process [82718]
INFO:     [25-10-2025 21:42:55] Waiting for application startup.
INFO:     [25-10-2025 21:42:55] Application startup complete.
INFO:     [25-10-2025 21:42:55] Uvicorn running on http://localhost:8000 (Press CTRL+C to quit)
INFO:     [25-10-2025 21:42:59] ::1:51027 - "GET /api/v1/heartbeat HTTP/1.1" 200
INFO:     [25-10-2025 21:43:01] ::1:51032 - "GET /api/v2/tenants/default_tenant/databases/default_database/collections/game-theory-knowledge HTTP/1.1" 200
INFO:     [25-10-2025 21:43:18] ::1:51048 - "GET /api/v1/collections HTTP/1.1" 200
INFO:     [25-10-2025 21:43:22] ::1:51051 - "POST /api/v1/collections/06fb865a-e11e-462a-a99e-68da8fe1544d/get HTTP/1.1" 200
INFO:     [25-10-2025 21:43:34] ::1:51056 - "GET /api/v2/tenants/default_tenant/databases/default_database/collections/game-theory-knowledge HTTP/1.1" 200
INFO:     [25-10-2025 21:44:49] ::1:51094 - "GET /api/v2/tenants/default_tenant/databases/default_database/collections/game-theory-knowledge HTTP/1.1" 200
INFO:     [25-10-2025 21:47:24] ::1:51169 - "GET /api/v2/tenants/default_tenant/databases/default_database/collections/game-theory-knowledge HTTP/1.1" 200
INFO:     [25-10-2025 21:47:45] ::1:51187 - "GET /api/v2/tenants/default_tenant/databases/default_database/collections/game-theory-knowledge HTTP/1.1" 200
INFO:     [25-10-2025 21:49:43] ::1:51223 - "DELETE /api/v1/collections/06fb865a-e11e-462a-a99e-68da8fe1544d HTTP/1.1" 400
INFO:     [25-10-2025 21:49:46] ::1:51227 - "POST /api/v1/collections HTTP/1.1" 200
DEBUG:    [25-10-2025 21:49:49] Starting component PersistentLocalHnswSegment
INFO:     [25-10-2025 21:49:49] ::1:51232 - "POST /api/v1/collections/03122914-291c-46ae-a132-e6a9cfc75342/add HTTP/1.1" 201
INFO:     [25-10-2025 21:49:54] ::1:51240 - "GET /api/v2/tenants/default_tenant/databases/default_database/collections/my_collection HTTP/1.1" 200
INFO:     [25-10-2025 21:50:06] ::1:51247 - "POST /api/v1/collections/03122914-291c-46ae-a132-e6a9cfc75342/get HTTP/1.1" 200
INFO:     [25-10-2025 21:50:10] ::1:51253 - "GET /api/v2/tenants/default_tenant/databases/default_database/collections/my_collection HTTP/1.1" 200
INFO:     [25-10-2025 21:50:30] ::1:51262 - "POST /api/v1/collections/03122914-291c-46ae-a132-e6a9cfc75342/query HTTP/1.1" 422
INFO:     [25-10-2025 21:50:43] ::1:51277 - "POST /api/v1/collections/03122914-291c-46ae-a132-e6a9cfc75342/query HTTP/1.1" 422
INFO:     [25-10-2025 21:51:00] ::1:51306 - "POST /api/v1/collections/03122914-291c-46ae-a132-e6a9cfc75342/query HTTP/1.1" 422
INFO:     [25-10-2025 21:51:12] ::1:51321 - "POST /api/v1/collections/03122914-291c-46ae-a132-e6a9cfc75342/add HTTP/1.1" 201
INFO:     [25-10-2025 21:51:14] ::1:51326 - "POST /api/v1/collections/03122914-291c-46ae-a132-e6a9cfc75342/query HTTP/1.1" 422
INFO:     [25-10-2025 21:51:29] ::1:51341 - "POST /api/v1/collections/03122914-291c-46ae-a132-e6a9cfc75342/query HTTP/1.1" 422
